2025-06-13 12:12:26,023 | [32mINFO[0m | argenta_ia.setup     | 🚀 Sistema de logging configurado correctamente
2025-06-13 12:12:26,023 | [32mINFO[0m | argenta_ia.setup     | 📂 Logs guardándose en: /Users/chrojas/Desktop/personal-project/ArgentaIA/backend/logs
2025-06-13 12:12:26,023 | [32mINFO[0m | argenta_ia.setup     | 📊 Nivel de log: INFO
INFO:     Started server process [85238]
INFO:     Waiting for application startup.
INFO:     Application startup complete.
INFO:     Uvicorn running on http://0.0.0.0:8000 (Press CTRL+C to quit)
2025-06-13 12:12:45,048 | [32mINFO[0m | services.technical_analysis | Datos obtenidos para AAPL usando AAPL
2025-06-13 12:12:45,899 | [31mERROR[0m | services.fundamental_analysis | Error en FMP API: 401 - {
  "Error Message": "Invalid API KEY. Feel free to create a Free API Key or visit https://site.financialmodelingprep.com/faqs?search=why-is-my-api-key-invalid for more information."
}
2025-06-13 12:13:09,400 | [32mINFO[0m | services.sentiment_analysis | Cargando modelo de sentimiento: finiteautomata/beto-sentiment-analysis
Device set to use cpu
2025-06-13 12:13:29,562 | [32mINFO[0m | services.sentiment_analysis | Modelo de sentimiento cargado exitosamente
2025-06-13 12:13:31,196 | [33mWARNING[0m | services.macro_analysis | No se pudo obtener usd del BCRA: 403
2025-06-13 12:13:31,435 | [33mWARNING[0m | services.macro_analysis | No se pudo obtener cer del BCRA: 403
2025-06-13 12:13:31,683 | [33mWARNING[0m | services.macro_analysis | No se pudo obtener inflation del BCRA: 403
2025-06-13 12:13:31,928 | [33mWARNING[0m | services.macro_analysis | No se pudo obtener country_risk del BCRA: 404
2025-06-13 12:13:31,929 | [32mINFO[0m | services.macro_analysis | Usando datos macro mock para testing
INFO:     127.0.0.1:54035 - "GET /api/health HTTP/1.1" 200 OK
2025-06-13 12:14:13,181 | [32mINFO[0m | argenta_ia.main      | Generando recomendaciones diarias...
2025-06-13 12:14:13,926 | [33mWARNING[0m | services.macro_analysis | No se pudo obtener usd del BCRA: 403
2025-06-13 12:14:14,169 | [33mWARNING[0m | services.macro_analysis | No se pudo obtener cer del BCRA: 403
2025-06-13 12:14:14,418 | [33mWARNING[0m | services.macro_analysis | No se pudo obtener inflation del BCRA: 403
2025-06-13 12:14:14,668 | [33mWARNING[0m | services.macro_analysis | No se pudo obtener country_risk del BCRA: 404
2025-06-13 12:14:14,668 | [32mINFO[0m | services.macro_analysis | Usando datos macro mock para testing
2025-06-13 12:14:14,669 | [32mINFO[0m | services.recommendation_engine | Generando recomendaciones para 15 tickers
2025-06-13 12:14:14,669 | [32mINFO[0m | services.recommendation_engine | Analizando YPF...
2025-06-13 12:14:14,669 | [32mINFO[0m | services.recommendation_engine | Analizando GGAL...
2025-06-13 12:14:14,669 | [32mINFO[0m | services.recommendation_engine | Analizando PAM...
2025-06-13 12:14:15,468 | [32mINFO[0m | services.technical_analysis | Datos obtenidos para YPF usando YPF
2025-06-13 12:14:16,642 | [32mINFO[0m | services.technical_analysis | Datos obtenidos para GGAL usando GGAL
2025-06-13 12:14:17,370 | [32mINFO[0m | services.technical_analysis | Datos obtenidos para PAM usando PAM
2025-06-13 12:14:18,150 | [31mERROR[0m | services.fundamental_analysis | Error en FMP API: 401 - {
  "Error Message": "Invalid API KEY. Feel free to create a Free API Key or visit https://site.financialmodelingprep.com/faqs?search=why-is-my-api-key-invalid for more information."
}
2025-06-13 12:14:18,151 | [33mWARNING[0m | services.fundamental_analysis | No se encontraron ratios para PAM
2025-06-13 12:14:18,158 | [31mERROR[0m | services.fundamental_analysis | Error en FMP API: 401 - {
  "Error Message": "Invalid API KEY. Feel free to create a Free API Key or visit https://site.financialmodelingprep.com/faqs?search=why-is-my-api-key-invalid for more information."
}
2025-06-13 12:14:18,158 | [31mERROR[0m | services.fundamental_analysis | Error en FMP API: 401 - {
  "Error Message": "Invalid API KEY. Feel free to create a Free API Key or visit https://site.financialmodelingprep.com/faqs?search=why-is-my-api-key-invalid for more information."
}
2025-06-13 12:14:18,165 | [31mERROR[0m | services.fundamental_analysis | Error en FMP API: 401 - {
  "Error Message": "Invalid API KEY. Feel free to create a Free API Key or visit https://site.financialmodelingprep.com/faqs?search=why-is-my-api-key-invalid for more information."
}
2025-06-13 12:14:18,166 | [31mERROR[0m | services.fundamental_analysis | Error en FMP API: 401 - {
  "Error Message": "Invalid API KEY. Feel free to create a Free API Key or visit https://site.financialmodelingprep.com/faqs?search=why-is-my-api-key-invalid for more information."
}
2025-06-13 12:14:18,166 | [33mWARNING[0m | services.fundamental_analysis | No se encontraron ratios para GGAL
2025-06-13 12:14:18,196 | [31mERROR[0m | services.fundamental_analysis | Error en FMP API: 401 - {
  "Error Message": "Invalid API KEY. Feel free to create a Free API Key or visit https://site.financialmodelingprep.com/faqs?search=why-is-my-api-key-invalid for more information."
}
2025-06-13 12:14:18,197 | [33mWARNING[0m | services.fundamental_analysis | No se encontraron ratios para YPF
2025-06-13 12:14:18,343 | [31mERROR[0m | services.sentiment_analysis | Error en GNews API: 401
2025-06-13 12:14:18,343 | [32mINFO[0m | services.sentiment_analysis | No se encontraron noticias para PAM, usando score neutral
2025-06-13 12:14:18,347 | [31mERROR[0m | services.sentiment_analysis | Error en GNews API: 401
2025-06-13 12:14:18,348 | [32mINFO[0m | services.sentiment_analysis | No se encontraron noticias para GGAL, usando score neutral
2025-06-13 12:14:18,354 | [31mERROR[0m | services.sentiment_analysis | Error en GNews API: 401
2025-06-13 12:14:18,355 | [32mINFO[0m | services.sentiment_analysis | No se encontraron noticias para YPF, usando score neutral
2025-06-13 12:14:18,356 | [32mINFO[0m | services.recommendation_engine | Analizando TEO...
2025-06-13 12:14:18,356 | [32mINFO[0m | services.recommendation_engine | Analizando TGS...
2025-06-13 12:14:18,356 | [32mINFO[0m | services.recommendation_engine | Analizando CEPU...
2025-06-13 12:14:19,141 | [32mINFO[0m | services.technical_analysis | Datos obtenidos para TEO usando TEO
2025-06-13 12:14:20,312 | [32mINFO[0m | services.technical_analysis | Datos obtenidos para TGS usando TGS
2025-06-13 12:14:21,038 | [32mINFO[0m | services.technical_analysis | Datos obtenidos para CEPU usando CEPU
2025-06-13 12:14:21,198 | [31mERROR[0m | services.sentiment_analysis | Error en GNews API: 401
2025-06-13 12:14:21,198 | [32mINFO[0m | services.sentiment_analysis | No se encontraron noticias para TEO, usando score neutral
2025-06-13 12:14:21,217 | [31mERROR[0m | services.fundamental_analysis | Error en FMP API: 401 - {
  "Error Message": "Invalid API KEY. Feel free to create a Free API Key or visit https://site.financialmodelingprep.com/faqs?search=why-is-my-api-key-invalid for more information."
}
2025-06-13 12:14:21,218 | [31mERROR[0m | services.fundamental_analysis | Error en FMP API: 401 - {
  "Error Message": "Invalid API KEY. Feel free to create a Free API Key or visit https://site.financialmodelingprep.com/faqs?search=why-is-my-api-key-invalid for more information."
}
2025-06-13 12:14:21,218 | [33mWARNING[0m | services.fundamental_analysis | No se encontraron ratios para TEO
2025-06-13 12:14:21,218 | [31mERROR[0m | services.fundamental_analysis | Error en FMP API: 401 - {
  "Error Message": "Invalid API KEY. Feel free to create a Free API Key or visit https://site.financialmodelingprep.com/faqs?search=why-is-my-api-key-invalid for more information."
}
2025-06-13 12:14:21,218 | [33mWARNING[0m | services.fundamental_analysis | No se encontraron ratios para CEPU
2025-06-13 12:14:21,218 | [31mERROR[0m | services.fundamental_analysis | Error en FMP API: 401 - {
  "Error Message": "Invalid API KEY. Feel free to create a Free API Key or visit https://site.financialmodelingprep.com/faqs?search=why-is-my-api-key-invalid for more information."
}
2025-06-13 12:14:21,218 | [31mERROR[0m | services.fundamental_analysis | Error en FMP API: 401 - {
  "Error Message": "Invalid API KEY. Feel free to create a Free API Key or visit https://site.financialmodelingprep.com/faqs?search=why-is-my-api-key-invalid for more information."
}
2025-06-13 12:14:21,223 | [31mERROR[0m | services.fundamental_analysis | Error en FMP API: 401 - {
  "Error Message": "Invalid API KEY. Feel free to create a Free API Key or visit https://site.financialmodelingprep.com/faqs?search=why-is-my-api-key-invalid for more information."
}
2025-06-13 12:14:21,223 | [33mWARNING[0m | services.fundamental_analysis | No se encontraron ratios para TGS
2025-06-13 12:14:21,302 | [31mERROR[0m | services.sentiment_analysis | Error en GNews API: 401
2025-06-13 12:14:21,303 | [32mINFO[0m | services.sentiment_analysis | No se encontraron noticias para CEPU, usando score neutral
2025-06-13 12:14:21,307 | [31mERROR[0m | services.sentiment_analysis | Error en GNews API: 401
2025-06-13 12:14:21,308 | [32mINFO[0m | services.sentiment_analysis | No se encontraron noticias para TGS, usando score neutral
2025-06-13 12:14:21,309 | [32mINFO[0m | services.recommendation_engine | Analizando BMA...
2025-06-13 12:14:21,309 | [32mINFO[0m | services.recommendation_engine | Analizando SUPV...
2025-06-13 12:14:21,309 | [32mINFO[0m | services.recommendation_engine | Analizando CRESY...
2025-06-13 12:14:22,070 | [32mINFO[0m | services.technical_analysis | Datos obtenidos para BMA usando BMA
2025-06-13 12:14:22,832 | [32mINFO[0m | services.technical_analysis | Datos obtenidos para SUPV usando SUPV
2025-06-13 12:14:23,756 | [32mINFO[0m | services.technical_analysis | Datos obtenidos para CRESY usando CRESY
2025-06-13 12:14:23,916 | [31mERROR[0m | services.sentiment_analysis | Error en GNews API: 401
2025-06-13 12:14:23,916 | [32mINFO[0m | services.sentiment_analysis | No se encontraron noticias para CRESY, usando score neutral
2025-06-13 12:14:23,922 | [31mERROR[0m | services.sentiment_analysis | Error en GNews API: 401
2025-06-13 12:14:23,922 | [32mINFO[0m | services.sentiment_analysis | No se encontraron noticias para BMA, usando score neutral
2025-06-13 12:14:23,923 | [31mERROR[0m | services.sentiment_analysis | Error en GNews API: 401
2025-06-13 12:14:23,923 | [32mINFO[0m | services.sentiment_analysis | No se encontraron noticias para SUPV, usando score neutral
2025-06-13 12:14:23,938 | [31mERROR[0m | services.fundamental_analysis | Error en FMP API: 401 - {
  "Error Message": "Invalid API KEY. Feel free to create a Free API Key or visit https://site.financialmodelingprep.com/faqs?search=why-is-my-api-key-invalid for more information."
}
2025-06-13 12:14:23,939 | [33mWARNING[0m | services.fundamental_analysis | No se encontraron ratios para BMA
2025-06-13 12:14:23,940 | [31mERROR[0m | services.fundamental_analysis | Error en FMP API: 401 - {
  "Error Message": "Invalid API KEY. Feel free to create a Free API Key or visit https://site.financialmodelingprep.com/faqs?search=why-is-my-api-key-invalid for more information."
}
2025-06-13 12:14:23,940 | [31mERROR[0m | services.fundamental_analysis | Error en FMP API: 401 - {
  "Error Message": "Invalid API KEY. Feel free to create a Free API Key or visit https://site.financialmodelingprep.com/faqs?search=why-is-my-api-key-invalid for more information."
}
2025-06-13 12:14:23,940 | [31mERROR[0m | services.fundamental_analysis | Error en FMP API: 401 - {
  "Error Message": "Invalid API KEY. Feel free to create a Free API Key or visit https://site.financialmodelingprep.com/faqs?search=why-is-my-api-key-invalid for more information."
}
2025-06-13 12:14:23,941 | [33mWARNING[0m | services.fundamental_analysis | No se encontraron ratios para SUPV
2025-06-13 12:14:23,941 | [31mERROR[0m | services.fundamental_analysis | Error en FMP API: 401 - {
  "Error Message": "Invalid API KEY. Feel free to create a Free API Key or visit https://site.financialmodelingprep.com/faqs?search=why-is-my-api-key-invalid for more information."
}
2025-06-13 12:14:23,941 | [31mERROR[0m | services.fundamental_analysis | Error en FMP API: 401 - {
  "Error Message": "Invalid API KEY. Feel free to create a Free API Key or visit https://site.financialmodelingprep.com/faqs?search=why-is-my-api-key-invalid for more information."
}
2025-06-13 12:14:23,941 | [33mWARNING[0m | services.fundamental_analysis | No se encontraron ratios para CRESY
2025-06-13 12:14:23,942 | [32mINFO[0m | services.recommendation_engine | Analizando LOMA...
2025-06-13 12:14:23,942 | [32mINFO[0m | services.recommendation_engine | Analizando IRCP...
2025-06-13 12:14:23,942 | [32mINFO[0m | services.recommendation_engine | Analizando VIST...
2025-06-13 12:14:24,661 | [32mINFO[0m | services.technical_analysis | Datos obtenidos para LOMA usando LOMA
2025-06-13 12:14:28,146 | [31mERROR[0m | yfinance             | $IRCP: possibly delisted; no price data found  (period=6mo) (Yahoo error = "No data found, symbol may be delisted")
2025-06-13 12:14:28,914 | [32mINFO[0m | services.technical_analysis | Datos obtenidos para IRCP usando IRCP.BA
2025-06-13 12:14:29,637 | [32mINFO[0m | services.technical_analysis | Datos obtenidos para VIST usando VIST
2025-06-13 12:14:29,819 | [31mERROR[0m | services.fundamental_analysis | Error en FMP API: 401 - {
  "Error Message": "Invalid API KEY. Feel free to create a Free API Key or visit https://site.financialmodelingprep.com/faqs?search=why-is-my-api-key-invalid for more information."
}
2025-06-13 12:14:29,819 | [31mERROR[0m | services.fundamental_analysis | Error en FMP API: 401 - {
  "Error Message": "Invalid API KEY. Feel free to create a Free API Key or visit https://site.financialmodelingprep.com/faqs?search=why-is-my-api-key-invalid for more information."
}
2025-06-13 12:14:29,819 | [33mWARNING[0m | services.fundamental_analysis | No se encontraron ratios para IRCP
2025-06-13 12:14:29,820 | [31mERROR[0m | services.fundamental_analysis | Error en FMP API: 401 - {
  "Error Message": "Invalid API KEY. Feel free to create a Free API Key or visit https://site.financialmodelingprep.com/faqs?search=why-is-my-api-key-invalid for more information."
}
2025-06-13 12:14:29,820 | [31mERROR[0m | services.fundamental_analysis | Error en FMP API: 401 - {
  "Error Message": "Invalid API KEY. Feel free to create a Free API Key or visit https://site.financialmodelingprep.com/faqs?search=why-is-my-api-key-invalid for more information."
}
2025-06-13 12:14:29,820 | [33mWARNING[0m | services.fundamental_analysis | No se encontraron ratios para LOMA
2025-06-13 12:14:29,820 | [31mERROR[0m | services.fundamental_analysis | Error en FMP API: 401 - {
  "Error Message": "Invalid API KEY. Feel free to create a Free API Key or visit https://site.financialmodelingprep.com/faqs?search=why-is-my-api-key-invalid for more information."
}
2025-06-13 12:14:29,824 | [31mERROR[0m | services.fundamental_analysis | Error en FMP API: 401 - {
  "Error Message": "Invalid API KEY. Feel free to create a Free API Key or visit https://site.financialmodelingprep.com/faqs?search=why-is-my-api-key-invalid for more information."
}
2025-06-13 12:14:29,824 | [33mWARNING[0m | services.fundamental_analysis | No se encontraron ratios para VIST
2025-06-13 12:14:30,129 | [31mERROR[0m | services.sentiment_analysis | Error en GNews API: 401
2025-06-13 12:14:30,129 | [32mINFO[0m | services.sentiment_analysis | No se encontraron noticias para LOMA, usando score neutral
2025-06-13 12:14:30,129 | [31mERROR[0m | services.sentiment_analysis | Error en GNews API: 401
2025-06-13 12:14:30,129 | [32mINFO[0m | services.sentiment_analysis | No se encontraron noticias para IRCP, usando score neutral
2025-06-13 12:14:31,087 | [31mERROR[0m | services.sentiment_analysis | Error en GNews API: 401
2025-06-13 12:14:31,088 | [32mINFO[0m | services.sentiment_analysis | No se encontraron noticias para VIST, usando score neutral
2025-06-13 12:14:31,088 | [32mINFO[0m | services.recommendation_engine | Analizando MELI...
2025-06-13 12:14:31,089 | [32mINFO[0m | services.recommendation_engine | Analizando GLOB...
2025-06-13 12:14:31,089 | [32mINFO[0m | services.recommendation_engine | Analizando DESP...
2025-06-13 12:14:31,918 | [32mINFO[0m | services.technical_analysis | Datos obtenidos para MELI usando MELI
2025-06-13 12:14:32,653 | [32mINFO[0m | services.technical_analysis | Datos obtenidos para GLOB usando GLOB
2025-06-13 12:14:33,802 | [32mINFO[0m | services.technical_analysis | Datos obtenidos para DESP usando DESP
2025-06-13 12:14:33,956 | [31mERROR[0m | services.sentiment_analysis | Error en GNews API: 401
2025-06-13 12:14:33,957 | [32mINFO[0m | services.sentiment_analysis | No se encontraron noticias para MELI, usando score neutral
2025-06-13 12:14:33,976 | [31mERROR[0m | services.fundamental_analysis | Error en FMP API: 401 - {
  "Error Message": "Invalid API KEY. Feel free to create a Free API Key or visit https://site.financialmodelingprep.com/faqs?search=why-is-my-api-key-invalid for more information."
}
2025-06-13 12:14:33,976 | [33mWARNING[0m | services.fundamental_analysis | No se encontraron ratios para GLOB
2025-06-13 12:14:33,977 | [31mERROR[0m | services.fundamental_analysis | Error en FMP API: 401 - {
  "Error Message": "Invalid API KEY. Feel free to create a Free API Key or visit https://site.financialmodelingprep.com/faqs?search=why-is-my-api-key-invalid for more information."
}
2025-06-13 12:14:33,977 | [31mERROR[0m | services.fundamental_analysis | Error en FMP API: 401 - {
  "Error Message": "Invalid API KEY. Feel free to create a Free API Key or visit https://site.financialmodelingprep.com/faqs?search=why-is-my-api-key-invalid for more information."
}
2025-06-13 12:14:33,977 | [33mWARNING[0m | services.fundamental_analysis | No se encontraron ratios para DESP
2025-06-13 12:14:33,986 | [31mERROR[0m | services.fundamental_analysis | Error en FMP API: 401 - {
  "Error Message": "Invalid API KEY. Feel free to create a Free API Key or visit https://site.financialmodelingprep.com/faqs?search=why-is-my-api-key-invalid for more information."
}
2025-06-13 12:14:33,987 | [31mERROR[0m | services.fundamental_analysis | Error en FMP API: 401 - {
  "Error Message": "Invalid API KEY. Feel free to create a Free API Key or visit https://site.financialmodelingprep.com/faqs?search=why-is-my-api-key-invalid for more information."
}
2025-06-13 12:14:33,987 | [31mERROR[0m | services.fundamental_analysis | Error en FMP API: 401 - {
  "Error Message": "Invalid API KEY. Feel free to create a Free API Key or visit https://site.financialmodelingprep.com/faqs?search=why-is-my-api-key-invalid for more information."
}
2025-06-13 12:14:33,987 | [33mWARNING[0m | services.fundamental_analysis | No se encontraron ratios para MELI
2025-06-13 12:14:34,088 | [31mERROR[0m | services.sentiment_analysis | Error en GNews API: 401
2025-06-13 12:14:34,088 | [32mINFO[0m | services.sentiment_analysis | No se encontraron noticias para GLOB, usando score neutral
2025-06-13 12:14:34,414 | [31mERROR[0m | services.sentiment_analysis | Error en GNews API: 401
2025-06-13 12:14:34,415 | [32mINFO[0m | services.sentiment_analysis | No se encontraron noticias para DESP, usando score neutral
2025-06-13 12:14:34,416 | [32mINFO[0m | services.recommendation_engine | Generadas 15 recomendaciones
INFO:     127.0.0.1:54091 - "GET /api/recommendations/daily HTTP/1.1" 200 OK
2025-06-13 12:38:53,081 | [31mERROR[0m | services.fundamental_analysis | Error en FMP API: 401 - {
  "Error Message": "Invalid API KEY. Feel free to create a Free API Key or visit https://site.financialmodelingprep.com/faqs?search=why-is-my-api-key-invalid for more information."
}
2025-06-13 12:38:53,913 | [33mWARNING[0m | services.macro_analysis | No se pudo obtener usd del BCRA: 403
2025-06-13 12:38:54,227 | [33mWARNING[0m | services.macro_analysis | No se pudo obtener cer del BCRA: 403
2025-06-13 12:38:54,482 | [33mWARNING[0m | services.macro_analysis | No se pudo obtener inflation del BCRA: 403
2025-06-13 12:38:54,736 | [33mWARNING[0m | services.macro_analysis | No se pudo obtener country_risk del BCRA: 404
2025-06-13 12:38:54,736 | [32mINFO[0m | services.macro_analysis | Usando datos macro mock para testing
INFO:     127.0.0.1:54524 - "GET /api/health HTTP/1.1" 200 OK
2025-06-13 12:45:02,153 | [32mINFO[0m | services.technical_analysis | Datos obtenidos para AAPL usando AAPL
2025-06-13 12:45:02,905 | [31mERROR[0m | services.fundamental_analysis | Error en FMP API: 401 - {
  "Error Message": "Invalid API KEY. Feel free to create a Free API Key or visit https://site.financialmodelingprep.com/faqs?search=why-is-my-api-key-invalid for more information."
}
2025-06-13 12:45:03,767 | [33mWARNING[0m | services.macro_analysis | No se pudo obtener usd del BCRA: 403
2025-06-13 12:45:04,106 | [33mWARNING[0m | services.macro_analysis | No se pudo obtener cer del BCRA: 403
2025-06-13 12:45:04,360 | [33mWARNING[0m | services.macro_analysis | No se pudo obtener inflation del BCRA: 403
2025-06-13 12:45:04,611 | [33mWARNING[0m | services.macro_analysis | No se pudo obtener country_risk del BCRA: 404
2025-06-13 12:45:04,612 | [32mINFO[0m | services.macro_analysis | Usando datos macro mock para testing
INFO:     127.0.0.1:54593 - "GET /api/health HTTP/1.1" 200 OK
2025-06-13 12:46:47,410 | [32mINFO[0m | argenta_ia.main      | Analizando ticker: YPF
2025-06-13 12:46:48,252 | [33mWARNING[0m | services.macro_analysis | No se pudo obtener usd del BCRA: 403
2025-06-13 12:46:48,503 | [33mWARNING[0m | services.macro_analysis | No se pudo obtener cer del BCRA: 403
2025-06-13 12:46:48,748 | [33mWARNING[0m | services.macro_analysis | No se pudo obtener inflation del BCRA: 403
2025-06-13 12:46:49,002 | [33mWARNING[0m | services.macro_analysis | No se pudo obtener country_risk del BCRA: 404
2025-06-13 12:46:49,003 | [32mINFO[0m | services.macro_analysis | Usando datos macro mock para testing
2025-06-13 12:46:49,391 | [32mINFO[0m | services.technical_analysis | Datos obtenidos para YPF usando YPF
2025-06-13 12:46:50,049 | [31mERROR[0m | services.sentiment_analysis | Error en GNews API: 401
2025-06-13 12:46:50,050 | [32mINFO[0m | services.sentiment_analysis | No se encontraron noticias para YPF, usando score neutral
2025-06-13 12:46:50,266 | [31mERROR[0m | services.fundamental_analysis | Error en FMP API: 401 - {
  "Error Message": "Invalid API KEY. Feel free to create a Free API Key or visit https://site.financialmodelingprep.com/faqs?search=why-is-my-api-key-invalid for more information."
}
2025-06-13 12:46:50,267 | [33mWARNING[0m | services.fundamental_analysis | No se encontraron ratios para YPF
2025-06-13 12:46:50,267 | [31mERROR[0m | services.fundamental_analysis | Error en FMP API: 401 - {
  "Error Message": "Invalid API KEY. Feel free to create a Free API Key or visit https://site.financialmodelingprep.com/faqs?search=why-is-my-api-key-invalid for more information."
}
2025-06-13 12:46:50,268 | [31mERROR[0m | services.recommendation_engine | Error en análisis detallado de YPF: 1 validation error for TickerAnalysis
financial_ratios
  Input should be a valid dictionary [type=dict_type, input_value=None, input_type=NoneType]
    For further information visit https://errors.pydantic.dev/2.11/v/dict_type
2025-06-13 12:46:50,268 | [31mERROR[0m | argenta_ia.main      | Error analizando YPF: 1 validation error for TickerAnalysis
financial_ratios
  Input should be a valid dictionary [type=dict_type, input_value=None, input_type=NoneType]
    For further information visit https://errors.pydantic.dev/2.11/v/dict_type
INFO:     127.0.0.1:54645 - "GET /api/analysis/YPF HTTP/1.1" 500 Internal Server Error
INFO:     Shutting down
INFO:     Waiting for application shutdown.
INFO:     Application shutdown complete.
INFO:     Finished server process [85238]
--- Logging error ---
Traceback (most recent call last):
  File "/Users/chrojas/.pyenv/versions/3.10.17/lib/python3.10/logging/__init__.py", line 1100, in emit
    msg = self.format(record)
  File "/Users/chrojas/.pyenv/versions/3.10.17/lib/python3.10/logging/__init__.py", line 943, in format
    return fmt.format(record)
  File "/Users/chrojas/Desktop/personal-project/ArgentaIA/backend/config/logging_config.py", line 34, in format
    record.asctime = datetime.fromtimestamp(record.created).strftime(
ImportError: sys.meta_path is None, Python is likely shutting down
Call stack:
  File "/Users/chrojas/Desktop/personal-project/ArgentaIA/backend/.venv/lib/python3.10/site-packages/aiohttp/client.py", line 457, in __del__
    self._loop.call_exception_handler(context)
Message: 'Unclosed client session\nclient_session: <aiohttp.client.ClientSession object at 0x16c1044c0>'
Arguments: ()
--- Logging error ---
Traceback (most recent call last):
  File "/Users/chrojas/.pyenv/versions/3.10.17/lib/python3.10/logging/__init__.py", line 1100, in emit
    msg = self.format(record)
  File "/Users/chrojas/.pyenv/versions/3.10.17/lib/python3.10/logging/__init__.py", line 943, in format
    return fmt.format(record)
  File "/Users/chrojas/Desktop/personal-project/ArgentaIA/backend/config/logging_config.py", line 34, in format
    record.asctime = datetime.fromtimestamp(record.created).strftime(
ImportError: sys.meta_path is None, Python is likely shutting down
Call stack:
  File "/Users/chrojas/Desktop/personal-project/ArgentaIA/backend/.venv/lib/python3.10/site-packages/aiohttp/client.py", line 457, in __del__
    self._loop.call_exception_handler(context)
Message: 'Unclosed client session\nclient_session: <aiohttp.client.ClientSession object at 0x16c4959f0>'
Arguments: ()
--- Logging error ---
Traceback (most recent call last):
  File "/Users/chrojas/.pyenv/versions/3.10.17/lib/python3.10/logging/__init__.py", line 1100, in emit
    msg = self.format(record)
  File "/Users/chrojas/.pyenv/versions/3.10.17/lib/python3.10/logging/__init__.py", line 943, in format
    return fmt.format(record)
  File "/Users/chrojas/Desktop/personal-project/ArgentaIA/backend/config/logging_config.py", line 34, in format
    record.asctime = datetime.fromtimestamp(record.created).strftime(
ImportError: sys.meta_path is None, Python is likely shutting down
Call stack:
  File "/Users/chrojas/Desktop/personal-project/ArgentaIA/backend/.venv/lib/python3.10/site-packages/aiohttp/client.py", line 457, in __del__
    self._loop.call_exception_handler(context)
Message: 'Unclosed client session\nclient_session: <aiohttp.client.ClientSession object at 0x31e02dc30>'
Arguments: ()
