{"timestamp":"2025-06-13T12:10:40.177521","level":"[32mINFO[0m","logger":"argenta_ia.setup","message":"🚀 Sistema de logging configurado correctamente","module":"logging_config","function":"setup_logging","line":"198"}
{"timestamp":"2025-06-13T12:10:40.177646","level":"[32mINFO[0m","logger":"argenta_ia.setup","message":"📂 Logs guardándose en: /Users/chrojas/Desktop/personal-project/ArgentaIA/backend/logs","module":"logging_config","function":"setup_logging","line":"199"}
{"timestamp":"2025-06-13T12:10:40.177693","level":"[32mINFO[0m","logger":"argenta_ia.setup","message":"📊 Nivel de log: INFO","module":"logging_config","function":"setup_logging","line":"200"}
{"timestamp":"2025-06-13T12:11:52.598960","level":"[32mINFO[0m","logger":"argenta_ia.setup","message":"🚀 Sistema de logging configurado correctamente","module":"logging_config","function":"setup_logging","line":"198"}
{"timestamp":"2025-06-13T12:11:52.599110","level":"[32mINFO[0m","logger":"argenta_ia.setup","message":"📂 Logs guardándose en: /Users/chrojas/Desktop/personal-project/ArgentaIA/backend/logs","module":"logging_config","function":"setup_logging","line":"199"}
{"timestamp":"2025-06-13T12:11:52.599158","level":"[32mINFO[0m","logger":"argenta_ia.setup","message":"📊 Nivel de log: INFO","module":"logging_config","function":"setup_logging","line":"200"}
{"timestamp":"2025-06-13T12:12:15.926049","level":"[32mINFO[0m","logger":"argenta_ia.setup","message":"🚀 Sistema de logging configurado correctamente","module":"logging_config","function":"setup_logging","line":"198"}
{"timestamp":"2025-06-13T12:12:15.926193","level":"[32mINFO[0m","logger":"argenta_ia.setup","message":"📂 Logs guardándose en: /Users/chrojas/Desktop/personal-project/ArgentaIA/backend/logs","module":"logging_config","function":"setup_logging","line":"199"}
{"timestamp":"2025-06-13T12:12:15.926247","level":"[32mINFO[0m","logger":"argenta_ia.setup","message":"📊 Nivel de log: INFO","module":"logging_config","function":"setup_logging","line":"200"}
{"timestamp":"2025-06-13T12:12:26.023112","level":"[32mINFO[0m","logger":"argenta_ia.setup","message":"🚀 Sistema de logging configurado correctamente","module":"logging_config","function":"setup_logging","line":"198"}
{"timestamp":"2025-06-13T12:12:26.023252","level":"[32mINFO[0m","logger":"argenta_ia.setup","message":"📂 Logs guardándose en: /Users/chrojas/Desktop/personal-project/ArgentaIA/backend/logs","module":"logging_config","function":"setup_logging","line":"199"}
{"timestamp":"2025-06-13T12:12:26.023294","level":"[32mINFO[0m","logger":"argenta_ia.setup","message":"📊 Nivel de log: INFO","module":"logging_config","function":"setup_logging","line":"200"}
{"timestamp":"2025-06-13T12:12:45.048064","level":"[32mINFO[0m","logger":"services.technical_analysis","message":"Datos obtenidos para AAPL usando AAPL","module":"technical_analysis","function":"_get_stock_data","line":"51"}
{"timestamp":"2025-06-13T12:12:45.899731","level":"[31mERROR[0m","logger":"services.fundamental_analysis","message":"Error en FMP API: 401 - {
  \"Error Message\": \"Invalid API KEY. Feel free to create a Free API Key or visit https://site.financialmodelingprep.com/faqs?search=why-is-my-api-key-invalid for more information.\"
}","module":"fundamental_analysis","function":"_make_request","line":"58"}
{"timestamp":"2025-06-13T12:13:09.400456","level":"[32mINFO[0m","logger":"services.sentiment_analysis","message":"Cargando modelo de sentimiento: finiteautomata/beto-sentiment-analysis","module":"sentiment_analysis","function":"_load_sentiment_model","line":"36"}
{"timestamp":"2025-06-13T12:13:29.562403","level":"[32mINFO[0m","logger":"services.sentiment_analysis","message":"Modelo de sentimiento cargado exitosamente","module":"sentiment_analysis","function":"_load_sentiment_model","line":"42"}
{"timestamp":"2025-06-13T12:13:31.196990","level":"[33mWARNING[0m","logger":"services.macro_analysis","message":"No se pudo obtener usd del BCRA: 403","module":"macro_analysis","function":"_fetch_bcra_data","line":"67"}
{"timestamp":"2025-06-13T12:13:31.435615","level":"[33mWARNING[0m","logger":"services.macro_analysis","message":"No se pudo obtener cer del BCRA: 403","module":"macro_analysis","function":"_fetch_bcra_data","line":"67"}
{"timestamp":"2025-06-13T12:13:31.683786","level":"[33mWARNING[0m","logger":"services.macro_analysis","message":"No se pudo obtener inflation del BCRA: 403","module":"macro_analysis","function":"_fetch_bcra_data","line":"67"}
{"timestamp":"2025-06-13T12:13:31.928845","level":"[33mWARNING[0m","logger":"services.macro_analysis","message":"No se pudo obtener country_risk del BCRA: 404","module":"macro_analysis","function":"_fetch_bcra_data","line":"67"}
{"timestamp":"2025-06-13T12:13:31.929334","level":"[32mINFO[0m","logger":"services.macro_analysis","message":"Usando datos macro mock para testing","module":"macro_analysis","function":"get_macro_indicators","line":"95"}
{"timestamp":"2025-06-13T12:14:13.181412","level":"[32mINFO[0m","logger":"argenta_ia.main","message":"Generando recomendaciones diarias...","module":"main","function":"get_daily_recommendations","line":"64"}
{"timestamp":"2025-06-13T12:14:13.926528","level":"[33mWARNING[0m","logger":"services.macro_analysis","message":"No se pudo obtener usd del BCRA: 403","module":"macro_analysis","function":"_fetch_bcra_data","line":"67"}
{"timestamp":"2025-06-13T12:14:14.169195","level":"[33mWARNING[0m","logger":"services.macro_analysis","message":"No se pudo obtener cer del BCRA: 403","module":"macro_analysis","function":"_fetch_bcra_data","line":"67"}
{"timestamp":"2025-06-13T12:14:14.418751","level":"[33mWARNING[0m","logger":"services.macro_analysis","message":"No se pudo obtener inflation del BCRA: 403","module":"macro_analysis","function":"_fetch_bcra_data","line":"67"}
{"timestamp":"2025-06-13T12:14:14.668538","level":"[33mWARNING[0m","logger":"services.macro_analysis","message":"No se pudo obtener country_risk del BCRA: 404","module":"macro_analysis","function":"_fetch_bcra_data","line":"67"}
{"timestamp":"2025-06-13T12:14:14.668800","level":"[32mINFO[0m","logger":"services.macro_analysis","message":"Usando datos macro mock para testing","module":"macro_analysis","function":"get_macro_indicators","line":"95"}
{"timestamp":"2025-06-13T12:14:14.669065","level":"[32mINFO[0m","logger":"services.recommendation_engine","message":"Generando recomendaciones para 15 tickers","module":"recommendation_engine","function":"generate_daily_recommendations","line":"40"}
{"timestamp":"2025-06-13T12:14:14.669252","level":"[32mINFO[0m","logger":"services.recommendation_engine","message":"Analizando YPF...","module":"recommendation_engine","function":"_analyze_single_ticker","line":"71"}
{"timestamp":"2025-06-13T12:14:14.669510","level":"[32mINFO[0m","logger":"services.recommendation_engine","message":"Analizando GGAL...","module":"recommendation_engine","function":"_analyze_single_ticker","line":"71"}
{"timestamp":"2025-06-13T12:14:14.669655","level":"[32mINFO[0m","logger":"services.recommendation_engine","message":"Analizando PAM...","module":"recommendation_engine","function":"_analyze_single_ticker","line":"71"}
{"timestamp":"2025-06-13T12:14:15.468001","level":"[32mINFO[0m","logger":"services.technical_analysis","message":"Datos obtenidos para YPF usando YPF","module":"technical_analysis","function":"_get_stock_data","line":"51"}
{"timestamp":"2025-06-13T12:14:16.642016","level":"[32mINFO[0m","logger":"services.technical_analysis","message":"Datos obtenidos para GGAL usando GGAL","module":"technical_analysis","function":"_get_stock_data","line":"51"}
{"timestamp":"2025-06-13T12:14:17.370603","level":"[32mINFO[0m","logger":"services.technical_analysis","message":"Datos obtenidos para PAM usando PAM","module":"technical_analysis","function":"_get_stock_data","line":"51"}
{"timestamp":"2025-06-13T12:14:18.150045","level":"[31mERROR[0m","logger":"services.fundamental_analysis","message":"Error en FMP API: 401 - {
  \"Error Message\": \"Invalid API KEY. Feel free to create a Free API Key or visit https://site.financialmodelingprep.com/faqs?search=why-is-my-api-key-invalid for more information.\"
}","module":"fundamental_analysis","function":"_make_request","line":"58"}
{"timestamp":"2025-06-13T12:14:18.151017","level":"[33mWARNING[0m","logger":"services.fundamental_analysis","message":"No se encontraron ratios para PAM","module":"fundamental_analysis","function":"get_financial_ratios","line":"72"}
{"timestamp":"2025-06-13T12:14:18.158144","level":"[31mERROR[0m","logger":"services.fundamental_analysis","message":"Error en FMP API: 401 - {
  \"Error Message\": \"Invalid API KEY. Feel free to create a Free API Key or visit https://site.financialmodelingprep.com/faqs?search=why-is-my-api-key-invalid for more information.\"
}","module":"fundamental_analysis","function":"_make_request","line":"58"}
{"timestamp":"2025-06-13T12:14:18.158912","level":"[31mERROR[0m","logger":"services.fundamental_analysis","message":"Error en FMP API: 401 - {
  \"Error Message\": \"Invalid API KEY. Feel free to create a Free API Key or visit https://site.financialmodelingprep.com/faqs?search=why-is-my-api-key-invalid for more information.\"
}","module":"fundamental_analysis","function":"_make_request","line":"58"}
{"timestamp":"2025-06-13T12:14:18.165823","level":"[31mERROR[0m","logger":"services.fundamental_analysis","message":"Error en FMP API: 401 - {
  \"Error Message\": \"Invalid API KEY. Feel free to create a Free API Key or visit https://site.financialmodelingprep.com/faqs?search=why-is-my-api-key-invalid for more information.\"
}","module":"fundamental_analysis","function":"_make_request","line":"58"}
{"timestamp":"2025-06-13T12:14:18.166589","level":"[31mERROR[0m","logger":"services.fundamental_analysis","message":"Error en FMP API: 401 - {
  \"Error Message\": \"Invalid API KEY. Feel free to create a Free API Key or visit https://site.financialmodelingprep.com/faqs?search=why-is-my-api-key-invalid for more information.\"
}","module":"fundamental_analysis","function":"_make_request","line":"58"}
{"timestamp":"2025-06-13T12:14:18.166877","level":"[33mWARNING[0m","logger":"services.fundamental_analysis","message":"No se encontraron ratios para GGAL","module":"fundamental_analysis","function":"get_financial_ratios","line":"72"}
{"timestamp":"2025-06-13T12:14:18.196691","level":"[31mERROR[0m","logger":"services.fundamental_analysis","message":"Error en FMP API: 401 - {
  \"Error Message\": \"Invalid API KEY. Feel free to create a Free API Key or visit https://site.financialmodelingprep.com/faqs?search=why-is-my-api-key-invalid for more information.\"
}","module":"fundamental_analysis","function":"_make_request","line":"58"}
{"timestamp":"2025-06-13T12:14:18.197201","level":"[33mWARNING[0m","logger":"services.fundamental_analysis","message":"No se encontraron ratios para YPF","module":"fundamental_analysis","function":"get_financial_ratios","line":"72"}
{"timestamp":"2025-06-13T12:14:18.343196","level":"[31mERROR[0m","logger":"services.sentiment_analysis","message":"Error en GNews API: 401","module":"sentiment_analysis","function":"_get_news_gnews","line":"110"}
{"timestamp":"2025-06-13T12:14:18.343910","level":"[32mINFO[0m","logger":"services.sentiment_analysis","message":"No se encontraron noticias para PAM, usando score neutral","module":"sentiment_analysis","function":"analyze_ticker_sentiment","line":"237"}
{"timestamp":"2025-06-13T12:14:18.347824","level":"[31mERROR[0m","logger":"services.sentiment_analysis","message":"Error en GNews API: 401","module":"sentiment_analysis","function":"_get_news_gnews","line":"110"}
{"timestamp":"2025-06-13T12:14:18.348172","level":"[32mINFO[0m","logger":"services.sentiment_analysis","message":"No se encontraron noticias para GGAL, usando score neutral","module":"sentiment_analysis","function":"analyze_ticker_sentiment","line":"237"}
{"timestamp":"2025-06-13T12:14:18.354819","level":"[31mERROR[0m","logger":"services.sentiment_analysis","message":"Error en GNews API: 401","module":"sentiment_analysis","function":"_get_news_gnews","line":"110"}
{"timestamp":"2025-06-13T12:14:18.355333","level":"[32mINFO[0m","logger":"services.sentiment_analysis","message":"No se encontraron noticias para YPF, usando score neutral","module":"sentiment_analysis","function":"analyze_ticker_sentiment","line":"237"}
{"timestamp":"2025-06-13T12:14:18.356153","level":"[32mINFO[0m","logger":"services.recommendation_engine","message":"Analizando TEO...","module":"recommendation_engine","function":"_analyze_single_ticker","line":"71"}
{"timestamp":"2025-06-13T12:14:18.356494","level":"[32mINFO[0m","logger":"services.recommendation_engine","message":"Analizando TGS...","module":"recommendation_engine","function":"_analyze_single_ticker","line":"71"}
{"timestamp":"2025-06-13T12:14:18.356726","level":"[32mINFO[0m","logger":"services.recommendation_engine","message":"Analizando CEPU...","module":"recommendation_engine","function":"_analyze_single_ticker","line":"71"}
{"timestamp":"2025-06-13T12:14:19.141528","level":"[32mINFO[0m","logger":"services.technical_analysis","message":"Datos obtenidos para TEO usando TEO","module":"technical_analysis","function":"_get_stock_data","line":"51"}
{"timestamp":"2025-06-13T12:14:20.312693","level":"[32mINFO[0m","logger":"services.technical_analysis","message":"Datos obtenidos para TGS usando TGS","module":"technical_analysis","function":"_get_stock_data","line":"51"}
{"timestamp":"2025-06-13T12:14:21.038293","level":"[32mINFO[0m","logger":"services.technical_analysis","message":"Datos obtenidos para CEPU usando CEPU","module":"technical_analysis","function":"_get_stock_data","line":"51"}
{"timestamp":"2025-06-13T12:14:21.198171","level":"[31mERROR[0m","logger":"services.sentiment_analysis","message":"Error en GNews API: 401","module":"sentiment_analysis","function":"_get_news_gnews","line":"110"}
{"timestamp":"2025-06-13T12:14:21.198730","level":"[32mINFO[0m","logger":"services.sentiment_analysis","message":"No se encontraron noticias para TEO, usando score neutral","module":"sentiment_analysis","function":"analyze_ticker_sentiment","line":"237"}
{"timestamp":"2025-06-13T12:14:21.217561","level":"[31mERROR[0m","logger":"services.fundamental_analysis","message":"Error en FMP API: 401 - {
  \"Error Message\": \"Invalid API KEY. Feel free to create a Free API Key or visit https://site.financialmodelingprep.com/faqs?search=why-is-my-api-key-invalid for more information.\"
}","module":"fundamental_analysis","function":"_make_request","line":"58"}
{"timestamp":"2025-06-13T12:14:21.218052","level":"[31mERROR[0m","logger":"services.fundamental_analysis","message":"Error en FMP API: 401 - {
  \"Error Message\": \"Invalid API KEY. Feel free to create a Free API Key or visit https://site.financialmodelingprep.com/faqs?search=why-is-my-api-key-invalid for more information.\"
}","module":"fundamental_analysis","function":"_make_request","line":"58"}
{"timestamp":"2025-06-13T12:14:21.218191","level":"[33mWARNING[0m","logger":"services.fundamental_analysis","message":"No se encontraron ratios para TEO","module":"fundamental_analysis","function":"get_financial_ratios","line":"72"}
{"timestamp":"2025-06-13T12:14:21.218336","level":"[31mERROR[0m","logger":"services.fundamental_analysis","message":"Error en FMP API: 401 - {
  \"Error Message\": \"Invalid API KEY. Feel free to create a Free API Key or visit https://site.financialmodelingprep.com/faqs?search=why-is-my-api-key-invalid for more information.\"
}","module":"fundamental_analysis","function":"_make_request","line":"58"}
{"timestamp":"2025-06-13T12:14:21.218454","level":"[33mWARNING[0m","logger":"services.fundamental_analysis","message":"No se encontraron ratios para CEPU","module":"fundamental_analysis","function":"get_financial_ratios","line":"72"}
{"timestamp":"2025-06-13T12:14:21.218577","level":"[31mERROR[0m","logger":"services.fundamental_analysis","message":"Error en FMP API: 401 - {
  \"Error Message\": \"Invalid API KEY. Feel free to create a Free API Key or visit https://site.financialmodelingprep.com/faqs?search=why-is-my-api-key-invalid for more information.\"
}","module":"fundamental_analysis","function":"_make_request","line":"58"}
{"timestamp":"2025-06-13T12:14:21.218713","level":"[31mERROR[0m","logger":"services.fundamental_analysis","message":"Error en FMP API: 401 - {
  \"Error Message\": \"Invalid API KEY. Feel free to create a Free API Key or visit https://site.financialmodelingprep.com/faqs?search=why-is-my-api-key-invalid for more information.\"
}","module":"fundamental_analysis","function":"_make_request","line":"58"}
{"timestamp":"2025-06-13T12:14:21.223192","level":"[31mERROR[0m","logger":"services.fundamental_analysis","message":"Error en FMP API: 401 - {
  \"Error Message\": \"Invalid API KEY. Feel free to create a Free API Key or visit https://site.financialmodelingprep.com/faqs?search=why-is-my-api-key-invalid for more information.\"
}","module":"fundamental_analysis","function":"_make_request","line":"58"}
{"timestamp":"2025-06-13T12:14:21.223314","level":"[33mWARNING[0m","logger":"services.fundamental_analysis","message":"No se encontraron ratios para TGS","module":"fundamental_analysis","function":"get_financial_ratios","line":"72"}
{"timestamp":"2025-06-13T12:14:21.302642","level":"[31mERROR[0m","logger":"services.sentiment_analysis","message":"Error en GNews API: 401","module":"sentiment_analysis","function":"_get_news_gnews","line":"110"}
{"timestamp":"2025-06-13T12:14:21.303318","level":"[32mINFO[0m","logger":"services.sentiment_analysis","message":"No se encontraron noticias para CEPU, usando score neutral","module":"sentiment_analysis","function":"analyze_ticker_sentiment","line":"237"}
{"timestamp":"2025-06-13T12:14:21.307852","level":"[31mERROR[0m","logger":"services.sentiment_analysis","message":"Error en GNews API: 401","module":"sentiment_analysis","function":"_get_news_gnews","line":"110"}
{"timestamp":"2025-06-13T12:14:21.308340","level":"[32mINFO[0m","logger":"services.sentiment_analysis","message":"No se encontraron noticias para TGS, usando score neutral","module":"sentiment_analysis","function":"analyze_ticker_sentiment","line":"237"}
{"timestamp":"2025-06-13T12:14:21.309129","level":"[32mINFO[0m","logger":"services.recommendation_engine","message":"Analizando BMA...","module":"recommendation_engine","function":"_analyze_single_ticker","line":"71"}
{"timestamp":"2025-06-13T12:14:21.309370","level":"[32mINFO[0m","logger":"services.recommendation_engine","message":"Analizando SUPV...","module":"recommendation_engine","function":"_analyze_single_ticker","line":"71"}
{"timestamp":"2025-06-13T12:14:21.309520","level":"[32mINFO[0m","logger":"services.recommendation_engine","message":"Analizando CRESY...","module":"recommendation_engine","function":"_analyze_single_ticker","line":"71"}
{"timestamp":"2025-06-13T12:14:22.070285","level":"[32mINFO[0m","logger":"services.technical_analysis","message":"Datos obtenidos para BMA usando BMA","module":"technical_analysis","function":"_get_stock_data","line":"51"}
{"timestamp":"2025-06-13T12:14:22.832096","level":"[32mINFO[0m","logger":"services.technical_analysis","message":"Datos obtenidos para SUPV usando SUPV","module":"technical_analysis","function":"_get_stock_data","line":"51"}
{"timestamp":"2025-06-13T12:14:23.756405","level":"[32mINFO[0m","logger":"services.technical_analysis","message":"Datos obtenidos para CRESY usando CRESY","module":"technical_analysis","function":"_get_stock_data","line":"51"}
{"timestamp":"2025-06-13T12:14:23.916154","level":"[31mERROR[0m","logger":"services.sentiment_analysis","message":"Error en GNews API: 401","module":"sentiment_analysis","function":"_get_news_gnews","line":"110"}
{"timestamp":"2025-06-13T12:14:23.916873","level":"[32mINFO[0m","logger":"services.sentiment_analysis","message":"No se encontraron noticias para CRESY, usando score neutral","module":"sentiment_analysis","function":"analyze_ticker_sentiment","line":"237"}
{"timestamp":"2025-06-13T12:14:23.922333","level":"[31mERROR[0m","logger":"services.sentiment_analysis","message":"Error en GNews API: 401","module":"sentiment_analysis","function":"_get_news_gnews","line":"110"}
{"timestamp":"2025-06-13T12:14:23.922810","level":"[32mINFO[0m","logger":"services.sentiment_analysis","message":"No se encontraron noticias para BMA, usando score neutral","module":"sentiment_analysis","function":"analyze_ticker_sentiment","line":"237"}
{"timestamp":"2025-06-13T12:14:23.923355","level":"[31mERROR[0m","logger":"services.sentiment_analysis","message":"Error en GNews API: 401","module":"sentiment_analysis","function":"_get_news_gnews","line":"110"}
{"timestamp":"2025-06-13T12:14:23.923604","level":"[32mINFO[0m","logger":"services.sentiment_analysis","message":"No se encontraron noticias para SUPV, usando score neutral","module":"sentiment_analysis","function":"analyze_ticker_sentiment","line":"237"}
{"timestamp":"2025-06-13T12:14:23.938471","level":"[31mERROR[0m","logger":"services.fundamental_analysis","message":"Error en FMP API: 401 - {
  \"Error Message\": \"Invalid API KEY. Feel free to create a Free API Key or visit https://site.financialmodelingprep.com/faqs?search=why-is-my-api-key-invalid for more information.\"
}","module":"fundamental_analysis","function":"_make_request","line":"58"}
{"timestamp":"2025-06-13T12:14:23.939148","level":"[33mWARNING[0m","logger":"services.fundamental_analysis","message":"No se encontraron ratios para BMA","module":"fundamental_analysis","function":"get_financial_ratios","line":"72"}
{"timestamp":"2025-06-13T12:14:23.940062","level":"[31mERROR[0m","logger":"services.fundamental_analysis","message":"Error en FMP API: 401 - {
  \"Error Message\": \"Invalid API KEY. Feel free to create a Free API Key or visit https://site.financialmodelingprep.com/faqs?search=why-is-my-api-key-invalid for more information.\"
}","module":"fundamental_analysis","function":"_make_request","line":"58"}
{"timestamp":"2025-06-13T12:14:23.940488","level":"[31mERROR[0m","logger":"services.fundamental_analysis","message":"Error en FMP API: 401 - {
  \"Error Message\": \"Invalid API KEY. Feel free to create a Free API Key or visit https://site.financialmodelingprep.com/faqs?search=why-is-my-api-key-invalid for more information.\"
}","module":"fundamental_analysis","function":"_make_request","line":"58"}
{"timestamp":"2025-06-13T12:14:23.940806","level":"[31mERROR[0m","logger":"services.fundamental_analysis","message":"Error en FMP API: 401 - {
  \"Error Message\": \"Invalid API KEY. Feel free to create a Free API Key or visit https://site.financialmodelingprep.com/faqs?search=why-is-my-api-key-invalid for more information.\"
}","module":"fundamental_analysis","function":"_make_request","line":"58"}
{"timestamp":"2025-06-13T12:14:23.941030","level":"[33mWARNING[0m","logger":"services.fundamental_analysis","message":"No se encontraron ratios para SUPV","module":"fundamental_analysis","function":"get_financial_ratios","line":"72"}
{"timestamp":"2025-06-13T12:14:23.941286","level":"[31mERROR[0m","logger":"services.fundamental_analysis","message":"Error en FMP API: 401 - {
  \"Error Message\": \"Invalid API KEY. Feel free to create a Free API Key or visit https://site.financialmodelingprep.com/faqs?search=why-is-my-api-key-invalid for more information.\"
}","module":"fundamental_analysis","function":"_make_request","line":"58"}
{"timestamp":"2025-06-13T12:14:23.941564","level":"[31mERROR[0m","logger":"services.fundamental_analysis","message":"Error en FMP API: 401 - {
  \"Error Message\": \"Invalid API KEY. Feel free to create a Free API Key or visit https://site.financialmodelingprep.com/faqs?search=why-is-my-api-key-invalid for more information.\"
}","module":"fundamental_analysis","function":"_make_request","line":"58"}
{"timestamp":"2025-06-13T12:14:23.941776","level":"[33mWARNING[0m","logger":"services.fundamental_analysis","message":"No se encontraron ratios para CRESY","module":"fundamental_analysis","function":"get_financial_ratios","line":"72"}
{"timestamp":"2025-06-13T12:14:23.942612","level":"[32mINFO[0m","logger":"services.recommendation_engine","message":"Analizando LOMA...","module":"recommendation_engine","function":"_analyze_single_ticker","line":"71"}
{"timestamp":"2025-06-13T12:14:23.942792","level":"[32mINFO[0m","logger":"services.recommendation_engine","message":"Analizando IRCP...","module":"recommendation_engine","function":"_analyze_single_ticker","line":"71"}
{"timestamp":"2025-06-13T12:14:23.942939","level":"[32mINFO[0m","logger":"services.recommendation_engine","message":"Analizando VIST...","module":"recommendation_engine","function":"_analyze_single_ticker","line":"71"}
{"timestamp":"2025-06-13T12:14:24.661649","level":"[32mINFO[0m","logger":"services.technical_analysis","message":"Datos obtenidos para LOMA usando LOMA","module":"technical_analysis","function":"_get_stock_data","line":"51"}
{"timestamp":"2025-06-13T12:14:28.146934","level":"[31mERROR[0m","logger":"yfinance","message":"$IRCP: possibly delisted; no price data found  (period=6mo) (Yahoo error = \"No data found, symbol may be delisted\")","module":"history","function":"history","line":"252"}
{"timestamp":"2025-06-13T12:14:28.914600","level":"[32mINFO[0m","logger":"services.technical_analysis","message":"Datos obtenidos para IRCP usando IRCP.BA","module":"technical_analysis","function":"_get_stock_data","line":"51"}
{"timestamp":"2025-06-13T12:14:29.637685","level":"[32mINFO[0m","logger":"services.technical_analysis","message":"Datos obtenidos para VIST usando VIST","module":"technical_analysis","function":"_get_stock_data","line":"51"}
{"timestamp":"2025-06-13T12:14:29.819702","level":"[31mERROR[0m","logger":"services.fundamental_analysis","message":"Error en FMP API: 401 - {
  \"Error Message\": \"Invalid API KEY. Feel free to create a Free API Key or visit https://site.financialmodelingprep.com/faqs?search=why-is-my-api-key-invalid for more information.\"
}","module":"fundamental_analysis","function":"_make_request","line":"58"}
{"timestamp":"2025-06-13T12:14:29.819932","level":"[31mERROR[0m","logger":"services.fundamental_analysis","message":"Error en FMP API: 401 - {
  \"Error Message\": \"Invalid API KEY. Feel free to create a Free API Key or visit https://site.financialmodelingprep.com/faqs?search=why-is-my-api-key-invalid for more information.\"
}","module":"fundamental_analysis","function":"_make_request","line":"58"}
{"timestamp":"2025-06-13T12:14:29.819988","level":"[33mWARNING[0m","logger":"services.fundamental_analysis","message":"No se encontraron ratios para IRCP","module":"fundamental_analysis","function":"get_financial_ratios","line":"72"}
{"timestamp":"2025-06-13T12:14:29.820044","level":"[31mERROR[0m","logger":"services.fundamental_analysis","message":"Error en FMP API: 401 - {
  \"Error Message\": \"Invalid API KEY. Feel free to create a Free API Key or visit https://site.financialmodelingprep.com/faqs?search=why-is-my-api-key-invalid for more information.\"
}","module":"fundamental_analysis","function":"_make_request","line":"58"}
{"timestamp":"2025-06-13T12:14:29.820098","level":"[31mERROR[0m","logger":"services.fundamental_analysis","message":"Error en FMP API: 401 - {
  \"Error Message\": \"Invalid API KEY. Feel free to create a Free API Key or visit https://site.financialmodelingprep.com/faqs?search=why-is-my-api-key-invalid for more information.\"
}","module":"fundamental_analysis","function":"_make_request","line":"58"}
{"timestamp":"2025-06-13T12:14:29.820134","level":"[33mWARNING[0m","logger":"services.fundamental_analysis","message":"No se encontraron ratios para LOMA","module":"fundamental_analysis","function":"get_financial_ratios","line":"72"}
{"timestamp":"2025-06-13T12:14:29.820178","level":"[31mERROR[0m","logger":"services.fundamental_analysis","message":"Error en FMP API: 401 - {
  \"Error Message\": \"Invalid API KEY. Feel free to create a Free API Key or visit https://site.financialmodelingprep.com/faqs?search=why-is-my-api-key-invalid for more information.\"
}","module":"fundamental_analysis","function":"_make_request","line":"58"}
{"timestamp":"2025-06-13T12:14:29.824258","level":"[31mERROR[0m","logger":"services.fundamental_analysis","message":"Error en FMP API: 401 - {
  \"Error Message\": \"Invalid API KEY. Feel free to create a Free API Key or visit https://site.financialmodelingprep.com/faqs?search=why-is-my-api-key-invalid for more information.\"
}","module":"fundamental_analysis","function":"_make_request","line":"58"}
{"timestamp":"2025-06-13T12:14:29.824312","level":"[33mWARNING[0m","logger":"services.fundamental_analysis","message":"No se encontraron ratios para VIST","module":"fundamental_analysis","function":"get_financial_ratios","line":"72"}
{"timestamp":"2025-06-13T12:14:30.129062","level":"[31mERROR[0m","logger":"services.sentiment_analysis","message":"Error en GNews API: 401","module":"sentiment_analysis","function":"_get_news_gnews","line":"110"}
{"timestamp":"2025-06-13T12:14:30.129378","level":"[32mINFO[0m","logger":"services.sentiment_analysis","message":"No se encontraron noticias para LOMA, usando score neutral","module":"sentiment_analysis","function":"analyze_ticker_sentiment","line":"237"}
{"timestamp":"2025-06-13T12:14:30.129606","level":"[31mERROR[0m","logger":"services.sentiment_analysis","message":"Error en GNews API: 401","module":"sentiment_analysis","function":"_get_news_gnews","line":"110"}
{"timestamp":"2025-06-13T12:14:30.129692","level":"[32mINFO[0m","logger":"services.sentiment_analysis","message":"No se encontraron noticias para IRCP, usando score neutral","module":"sentiment_analysis","function":"analyze_ticker_sentiment","line":"237"}
{"timestamp":"2025-06-13T12:14:31.087430","level":"[31mERROR[0m","logger":"services.sentiment_analysis","message":"Error en GNews API: 401","module":"sentiment_analysis","function":"_get_news_gnews","line":"110"}
{"timestamp":"2025-06-13T12:14:31.088202","level":"[32mINFO[0m","logger":"services.sentiment_analysis","message":"No se encontraron noticias para VIST, usando score neutral","module":"sentiment_analysis","function":"analyze_ticker_sentiment","line":"237"}
{"timestamp":"2025-06-13T12:14:31.088908","level":"[32mINFO[0m","logger":"services.recommendation_engine","message":"Analizando MELI...","module":"recommendation_engine","function":"_analyze_single_ticker","line":"71"}
{"timestamp":"2025-06-13T12:14:31.089164","level":"[32mINFO[0m","logger":"services.recommendation_engine","message":"Analizando GLOB...","module":"recommendation_engine","function":"_analyze_single_ticker","line":"71"}
{"timestamp":"2025-06-13T12:14:31.089302","level":"[32mINFO[0m","logger":"services.recommendation_engine","message":"Analizando DESP...","module":"recommendation_engine","function":"_analyze_single_ticker","line":"71"}
{"timestamp":"2025-06-13T12:14:31.918701","level":"[32mINFO[0m","logger":"services.technical_analysis","message":"Datos obtenidos para MELI usando MELI","module":"technical_analysis","function":"_get_stock_data","line":"51"}
{"timestamp":"2025-06-13T12:14:32.653059","level":"[32mINFO[0m","logger":"services.technical_analysis","message":"Datos obtenidos para GLOB usando GLOB","module":"technical_analysis","function":"_get_stock_data","line":"51"}
{"timestamp":"2025-06-13T12:14:33.802505","level":"[32mINFO[0m","logger":"services.technical_analysis","message":"Datos obtenidos para DESP usando DESP","module":"technical_analysis","function":"_get_stock_data","line":"51"}
{"timestamp":"2025-06-13T12:14:33.956969","level":"[31mERROR[0m","logger":"services.sentiment_analysis","message":"Error en GNews API: 401","module":"sentiment_analysis","function":"_get_news_gnews","line":"110"}
{"timestamp":"2025-06-13T12:14:33.957492","level":"[32mINFO[0m","logger":"services.sentiment_analysis","message":"No se encontraron noticias para MELI, usando score neutral","module":"sentiment_analysis","function":"analyze_ticker_sentiment","line":"237"}
{"timestamp":"2025-06-13T12:14:33.976582","level":"[31mERROR[0m","logger":"services.fundamental_analysis","message":"Error en FMP API: 401 - {
  \"Error Message\": \"Invalid API KEY. Feel free to create a Free API Key or visit https://site.financialmodelingprep.com/faqs?search=why-is-my-api-key-invalid for more information.\"
}","module":"fundamental_analysis","function":"_make_request","line":"58"}
{"timestamp":"2025-06-13T12:14:33.976849","level":"[33mWARNING[0m","logger":"services.fundamental_analysis","message":"No se encontraron ratios para GLOB","module":"fundamental_analysis","function":"get_financial_ratios","line":"72"}
{"timestamp":"2025-06-13T12:14:33.977110","level":"[31mERROR[0m","logger":"services.fundamental_analysis","message":"Error en FMP API: 401 - {
  \"Error Message\": \"Invalid API KEY. Feel free to create a Free API Key or visit https://site.financialmodelingprep.com/faqs?search=why-is-my-api-key-invalid for more information.\"
}","module":"fundamental_analysis","function":"_make_request","line":"58"}
{"timestamp":"2025-06-13T12:14:33.977246","level":"[31mERROR[0m","logger":"services.fundamental_analysis","message":"Error en FMP API: 401 - {
  \"Error Message\": \"Invalid API KEY. Feel free to create a Free API Key or visit https://site.financialmodelingprep.com/faqs?search=why-is-my-api-key-invalid for more information.\"
}","module":"fundamental_analysis","function":"_make_request","line":"58"}
{"timestamp":"2025-06-13T12:14:33.977338","level":"[33mWARNING[0m","logger":"services.fundamental_analysis","message":"No se encontraron ratios para DESP","module":"fundamental_analysis","function":"get_financial_ratios","line":"72"}
{"timestamp":"2025-06-13T12:14:33.986827","level":"[31mERROR[0m","logger":"services.fundamental_analysis","message":"Error en FMP API: 401 - {
  \"Error Message\": \"Invalid API KEY. Feel free to create a Free API Key or visit https://site.financialmodelingprep.com/faqs?search=why-is-my-api-key-invalid for more information.\"
}","module":"fundamental_analysis","function":"_make_request","line":"58"}
{"timestamp":"2025-06-13T12:14:33.987065","level":"[31mERROR[0m","logger":"services.fundamental_analysis","message":"Error en FMP API: 401 - {
  \"Error Message\": \"Invalid API KEY. Feel free to create a Free API Key or visit https://site.financialmodelingprep.com/faqs?search=why-is-my-api-key-invalid for more information.\"
}","module":"fundamental_analysis","function":"_make_request","line":"58"}
{"timestamp":"2025-06-13T12:14:33.987297","level":"[31mERROR[0m","logger":"services.fundamental_analysis","message":"Error en FMP API: 401 - {
  \"Error Message\": \"Invalid API KEY. Feel free to create a Free API Key or visit https://site.financialmodelingprep.com/faqs?search=why-is-my-api-key-invalid for more information.\"
}","module":"fundamental_analysis","function":"_make_request","line":"58"}
{"timestamp":"2025-06-13T12:14:33.987411","level":"[33mWARNING[0m","logger":"services.fundamental_analysis","message":"No se encontraron ratios para MELI","module":"fundamental_analysis","function":"get_financial_ratios","line":"72"}
{"timestamp":"2025-06-13T12:14:34.088260","level":"[31mERROR[0m","logger":"services.sentiment_analysis","message":"Error en GNews API: 401","module":"sentiment_analysis","function":"_get_news_gnews","line":"110"}
{"timestamp":"2025-06-13T12:14:34.088940","level":"[32mINFO[0m","logger":"services.sentiment_analysis","message":"No se encontraron noticias para GLOB, usando score neutral","module":"sentiment_analysis","function":"analyze_ticker_sentiment","line":"237"}
{"timestamp":"2025-06-13T12:14:34.414660","level":"[31mERROR[0m","logger":"services.sentiment_analysis","message":"Error en GNews API: 401","module":"sentiment_analysis","function":"_get_news_gnews","line":"110"}
{"timestamp":"2025-06-13T12:14:34.415344","level":"[32mINFO[0m","logger":"services.sentiment_analysis","message":"No se encontraron noticias para DESP, usando score neutral","module":"sentiment_analysis","function":"analyze_ticker_sentiment","line":"237"}
{"timestamp":"2025-06-13T12:14:34.416093","level":"[32mINFO[0m","logger":"services.recommendation_engine","message":"Generadas 15 recomendaciones","module":"recommendation_engine","function":"generate_daily_recommendations","line":"64"}
{"timestamp":"2025-06-13T12:38:53.081213","level":"[31mERROR[0m","logger":"services.fundamental_analysis","message":"Error en FMP API: 401 - {
  \"Error Message\": \"Invalid API KEY. Feel free to create a Free API Key or visit https://site.financialmodelingprep.com/faqs?search=why-is-my-api-key-invalid for more information.\"
}","module":"fundamental_analysis","function":"_make_request","line":"58"}
{"timestamp":"2025-06-13T12:38:53.913698","level":"[33mWARNING[0m","logger":"services.macro_analysis","message":"No se pudo obtener usd del BCRA: 403","module":"macro_analysis","function":"_fetch_bcra_data","line":"67"}
{"timestamp":"2025-06-13T12:38:54.227346","level":"[33mWARNING[0m","logger":"services.macro_analysis","message":"No se pudo obtener cer del BCRA: 403","module":"macro_analysis","function":"_fetch_bcra_data","line":"67"}
{"timestamp":"2025-06-13T12:38:54.482223","level":"[33mWARNING[0m","logger":"services.macro_analysis","message":"No se pudo obtener inflation del BCRA: 403","module":"macro_analysis","function":"_fetch_bcra_data","line":"67"}
{"timestamp":"2025-06-13T12:38:54.736084","level":"[33mWARNING[0m","logger":"services.macro_analysis","message":"No se pudo obtener country_risk del BCRA: 404","module":"macro_analysis","function":"_fetch_bcra_data","line":"67"}
{"timestamp":"2025-06-13T12:38:54.736840","level":"[32mINFO[0m","logger":"services.macro_analysis","message":"Usando datos macro mock para testing","module":"macro_analysis","function":"get_macro_indicators","line":"95"}
{"timestamp":"2025-06-13T12:45:02.153158","level":"[32mINFO[0m","logger":"services.technical_analysis","message":"Datos obtenidos para AAPL usando AAPL","module":"technical_analysis","function":"_get_stock_data","line":"51"}
{"timestamp":"2025-06-13T12:45:02.905045","level":"[31mERROR[0m","logger":"services.fundamental_analysis","message":"Error en FMP API: 401 - {
  \"Error Message\": \"Invalid API KEY. Feel free to create a Free API Key or visit https://site.financialmodelingprep.com/faqs?search=why-is-my-api-key-invalid for more information.\"
}","module":"fundamental_analysis","function":"_make_request","line":"58"}
{"timestamp":"2025-06-13T12:45:03.767473","level":"[33mWARNING[0m","logger":"services.macro_analysis","message":"No se pudo obtener usd del BCRA: 403","module":"macro_analysis","function":"_fetch_bcra_data","line":"67"}
{"timestamp":"2025-06-13T12:45:04.106990","level":"[33mWARNING[0m","logger":"services.macro_analysis","message":"No se pudo obtener cer del BCRA: 403","module":"macro_analysis","function":"_fetch_bcra_data","line":"67"}
{"timestamp":"2025-06-13T12:45:04.360593","level":"[33mWARNING[0m","logger":"services.macro_analysis","message":"No se pudo obtener inflation del BCRA: 403","module":"macro_analysis","function":"_fetch_bcra_data","line":"67"}
{"timestamp":"2025-06-13T12:45:04.611243","level":"[33mWARNING[0m","logger":"services.macro_analysis","message":"No se pudo obtener country_risk del BCRA: 404","module":"macro_analysis","function":"_fetch_bcra_data","line":"67"}
{"timestamp":"2025-06-13T12:45:04.612111","level":"[32mINFO[0m","logger":"services.macro_analysis","message":"Usando datos macro mock para testing","module":"macro_analysis","function":"get_macro_indicators","line":"95"}
{"timestamp":"2025-06-13T12:46:47.410872","level":"[32mINFO[0m","logger":"argenta_ia.main","message":"Analizando ticker: YPF","module":"main","function":"get_ticker_analysis","line":"78"}
{"timestamp":"2025-06-13T12:46:48.252041","level":"[33mWARNING[0m","logger":"services.macro_analysis","message":"No se pudo obtener usd del BCRA: 403","module":"macro_analysis","function":"_fetch_bcra_data","line":"67"}
{"timestamp":"2025-06-13T12:46:48.503566","level":"[33mWARNING[0m","logger":"services.macro_analysis","message":"No se pudo obtener cer del BCRA: 403","module":"macro_analysis","function":"_fetch_bcra_data","line":"67"}
{"timestamp":"2025-06-13T12:46:48.748941","level":"[33mWARNING[0m","logger":"services.macro_analysis","message":"No se pudo obtener inflation del BCRA: 403","module":"macro_analysis","function":"_fetch_bcra_data","line":"67"}
{"timestamp":"2025-06-13T12:46:49.002777","level":"[33mWARNING[0m","logger":"services.macro_analysis","message":"No se pudo obtener country_risk del BCRA: 404","module":"macro_analysis","function":"_fetch_bcra_data","line":"67"}
{"timestamp":"2025-06-13T12:46:49.003598","level":"[32mINFO[0m","logger":"services.macro_analysis","message":"Usando datos macro mock para testing","module":"macro_analysis","function":"get_macro_indicators","line":"95"}
{"timestamp":"2025-06-13T12:46:49.391913","level":"[32mINFO[0m","logger":"services.technical_analysis","message":"Datos obtenidos para YPF usando YPF","module":"technical_analysis","function":"_get_stock_data","line":"51"}
{"timestamp":"2025-06-13T12:46:50.049330","level":"[31mERROR[0m","logger":"services.sentiment_analysis","message":"Error en GNews API: 401","module":"sentiment_analysis","function":"_get_news_gnews","line":"110"}
{"timestamp":"2025-06-13T12:46:50.050146","level":"[32mINFO[0m","logger":"services.sentiment_analysis","message":"No se encontraron noticias para YPF, usando score neutral","module":"sentiment_analysis","function":"analyze_ticker_sentiment","line":"237"}
{"timestamp":"2025-06-13T12:46:50.266510","level":"[31mERROR[0m","logger":"services.fundamental_analysis","message":"Error en FMP API: 401 - {
  \"Error Message\": \"Invalid API KEY. Feel free to create a Free API Key or visit https://site.financialmodelingprep.com/faqs?search=why-is-my-api-key-invalid for more information.\"
}","module":"fundamental_analysis","function":"_make_request","line":"58"}
{"timestamp":"2025-06-13T12:46:50.267144","level":"[33mWARNING[0m","logger":"services.fundamental_analysis","message":"No se encontraron ratios para YPF","module":"fundamental_analysis","function":"get_financial_ratios","line":"72"}
{"timestamp":"2025-06-13T12:46:50.267518","level":"[31mERROR[0m","logger":"services.fundamental_analysis","message":"Error en FMP API: 401 - {
  \"Error Message\": \"Invalid API KEY. Feel free to create a Free API Key or visit https://site.financialmodelingprep.com/faqs?search=why-is-my-api-key-invalid for more information.\"
}","module":"fundamental_analysis","function":"_make_request","line":"58"}
{"timestamp":"2025-06-13T12:46:50.268754","level":"[31mERROR[0m","logger":"services.recommendation_engine","message":"Error en análisis detallado de YPF: 1 validation error for TickerAnalysis
financial_ratios
  Input should be a valid dictionary [type=dict_type, input_value=None, input_type=NoneType]
    For further information visit https://errors.pydantic.dev/2.11/v/dict_type","module":"recommendation_engine","function":"analyze_ticker","line":"378"}
{"timestamp":"2025-06-13T12:46:50.268965","level":"[31mERROR[0m","logger":"argenta_ia.main","message":"Error analizando YPF: 1 validation error for TickerAnalysis
financial_ratios
  Input should be a valid dictionary [type=dict_type, input_value=None, input_type=NoneType]
    For further information visit https://errors.pydantic.dev/2.11/v/dict_type","module":"main","function":"get_ticker_analysis","line":"83"}
{"timestamp":"2025-06-13T14:22:31.984763","level":"[31mERROR[0m","logger":"asyncio","message":"Unclosed client session
client_session: <aiohttp.client.ClientSession object at 0x16c1044c0>","module":"client","function":"__del__","line":"457"}
{"timestamp":"2025-06-13T14:22:31.991770","level":"[31mERROR[0m","logger":"asyncio","message":"Unclosed client session
client_session: <aiohttp.client.ClientSession object at 0x16c4959f0>","module":"client","function":"__del__","line":"457"}
{"timestamp":"2025-06-13T14:22:31.991897","level":"[31mERROR[0m","logger":"asyncio","message":"Unclosed client session
client_session: <aiohttp.client.ClientSession object at 0x31e02dc30>","module":"client","function":"__del__","line":"457"}
{"timestamp":"2025-06-13T14:22:39.714623","level":"[32mINFO[0m","logger":"argenta_ia.setup","message":"🚀 Sistema de logging configurado correctamente","module":"logging_config","function":"setup_logging","line":"198"}
{"timestamp":"2025-06-13T14:22:39.714756","level":"[32mINFO[0m","logger":"argenta_ia.setup","message":"📂 Logs guardándose en: /Users/chrojas/Desktop/personal-project/ArgentaIA/backend/logs","module":"logging_config","function":"setup_logging","line":"199"}
{"timestamp":"2025-06-13T14:22:39.714799","level":"[32mINFO[0m","logger":"argenta_ia.setup","message":"📊 Nivel de log: INFO","module":"logging_config","function":"setup_logging","line":"200"}
{"timestamp":"2025-06-13T14:22:55.605600","level":"[32mINFO[0m","logger":"services.technical_analysis","message":"Datos obtenidos para AAPL usando AAPL","module":"technical_analysis","function":"_get_stock_data","line":"51"}
{"timestamp":"2025-06-13T14:22:58.609869","level":"[32mINFO[0m","logger":"services.sentiment_analysis","message":"Cargando modelo de sentimiento: finiteautomata/beto-sentiment-analysis","module":"sentiment_analysis","function":"_load_sentiment_model","line":"36"}
{"timestamp":"2025-06-13T14:22:59.680319","level":"[32mINFO[0m","logger":"services.sentiment_analysis","message":"Modelo de sentimiento cargado exitosamente","module":"sentiment_analysis","function":"_load_sentiment_model","line":"42"}
{"timestamp":"2025-06-13T14:23:01.300666","level":"[33mWARNING[0m","logger":"services.macro_analysis","message":"No se pudo obtener usd del BCRA: 403","module":"macro_analysis","function":"_fetch_bcra_data","line":"67"}
{"timestamp":"2025-06-13T14:23:01.546369","level":"[33mWARNING[0m","logger":"services.macro_analysis","message":"No se pudo obtener cer del BCRA: 403","module":"macro_analysis","function":"_fetch_bcra_data","line":"67"}
{"timestamp":"2025-06-13T14:23:01.799731","level":"[33mWARNING[0m","logger":"services.macro_analysis","message":"No se pudo obtener inflation del BCRA: 403","module":"macro_analysis","function":"_fetch_bcra_data","line":"67"}
{"timestamp":"2025-06-13T14:23:02.053918","level":"[33mWARNING[0m","logger":"services.macro_analysis","message":"No se pudo obtener country_risk del BCRA: 404","module":"macro_analysis","function":"_fetch_bcra_data","line":"67"}
{"timestamp":"2025-06-13T14:23:02.054571","level":"[32mINFO[0m","logger":"services.macro_analysis","message":"Usando datos macro mock para testing","module":"macro_analysis","function":"get_macro_indicators","line":"95"}
{"timestamp":"2025-06-13T14:23:17.977299","level":"[32mINFO[0m","logger":"argenta_ia.main","message":"Generando recomendaciones diarias...","module":"main","function":"get_daily_recommendations","line":"64"}
{"timestamp":"2025-06-13T14:23:18.722016","level":"[33mWARNING[0m","logger":"services.macro_analysis","message":"No se pudo obtener usd del BCRA: 403","module":"macro_analysis","function":"_fetch_bcra_data","line":"67"}
{"timestamp":"2025-06-13T14:23:18.968863","level":"[33mWARNING[0m","logger":"services.macro_analysis","message":"No se pudo obtener cer del BCRA: 403","module":"macro_analysis","function":"_fetch_bcra_data","line":"67"}
{"timestamp":"2025-06-13T14:23:19.220895","level":"[33mWARNING[0m","logger":"services.macro_analysis","message":"No se pudo obtener inflation del BCRA: 403","module":"macro_analysis","function":"_fetch_bcra_data","line":"67"}
{"timestamp":"2025-06-13T14:23:19.467982","level":"[33mWARNING[0m","logger":"services.macro_analysis","message":"No se pudo obtener country_risk del BCRA: 404","module":"macro_analysis","function":"_fetch_bcra_data","line":"67"}
{"timestamp":"2025-06-13T14:23:19.468599","level":"[32mINFO[0m","logger":"services.macro_analysis","message":"Usando datos macro mock para testing","module":"macro_analysis","function":"get_macro_indicators","line":"95"}
{"timestamp":"2025-06-13T14:23:19.469109","level":"[32mINFO[0m","logger":"services.recommendation_engine","message":"Generando recomendaciones para 15 tickers","module":"recommendation_engine","function":"generate_daily_recommendations","line":"40"}
{"timestamp":"2025-06-13T14:23:19.469393","level":"[32mINFO[0m","logger":"services.recommendation_engine","message":"Analizando YPF...","module":"recommendation_engine","function":"_analyze_single_ticker","line":"71"}
{"timestamp":"2025-06-13T14:23:19.469578","level":"[32mINFO[0m","logger":"services.recommendation_engine","message":"Analizando GGAL...","module":"recommendation_engine","function":"_analyze_single_ticker","line":"71"}
{"timestamp":"2025-06-13T14:23:19.469711","level":"[32mINFO[0m","logger":"services.recommendation_engine","message":"Analizando PAM...","module":"recommendation_engine","function":"_analyze_single_ticker","line":"71"}
{"timestamp":"2025-06-13T14:23:20.272584","level":"[32mINFO[0m","logger":"services.technical_analysis","message":"Datos obtenidos para YPF usando YPF","module":"technical_analysis","function":"_get_stock_data","line":"51"}
{"timestamp":"2025-06-13T14:23:20.675418","level":"[32mINFO[0m","logger":"services.technical_analysis","message":"Datos obtenidos para GGAL usando GGAL","module":"technical_analysis","function":"_get_stock_data","line":"51"}
{"timestamp":"2025-06-13T14:23:21.072500","level":"[32mINFO[0m","logger":"services.technical_analysis","message":"Datos obtenidos para PAM usando PAM","module":"technical_analysis","function":"_get_stock_data","line":"51"}
{"timestamp":"2025-06-13T14:23:21.558483","level":"[31mERROR[0m","logger":"services.sentiment_analysis","message":"Error en GNews API: 403","module":"sentiment_analysis","function":"_get_news_gnews","line":"110"}
{"timestamp":"2025-06-13T14:23:21.559209","level":"[32mINFO[0m","logger":"services.sentiment_analysis","message":"No se encontraron noticias para YPF, usando score neutral","module":"sentiment_analysis","function":"analyze_ticker_sentiment","line":"237"}
{"timestamp":"2025-06-13T14:23:22.436289","level":"[31mERROR[0m","logger":"services.sentiment_analysis","message":"Error en GNews API: 403","module":"sentiment_analysis","function":"_get_news_gnews","line":"110"}
{"timestamp":"2025-06-13T14:23:22.436925","level":"[32mINFO[0m","logger":"services.sentiment_analysis","message":"No se encontraron noticias para GGAL, usando score neutral","module":"sentiment_analysis","function":"analyze_ticker_sentiment","line":"237"}
{"timestamp":"2025-06-13T14:23:22.828537","level":"[31mERROR[0m","logger":"services.sentiment_analysis","message":"Error en GNews API: 403","module":"sentiment_analysis","function":"_get_news_gnews","line":"110"}
{"timestamp":"2025-06-13T14:23:22.829145","level":"[32mINFO[0m","logger":"services.sentiment_analysis","message":"No se encontraron noticias para PAM, usando score neutral","module":"sentiment_analysis","function":"analyze_ticker_sentiment","line":"237"}
{"timestamp":"2025-06-13T14:23:22.830547","level":"[32mINFO[0m","logger":"services.recommendation_engine","message":"Analizando TEO...","module":"recommendation_engine","function":"_analyze_single_ticker","line":"71"}
{"timestamp":"2025-06-13T14:23:22.830857","level":"[32mINFO[0m","logger":"services.recommendation_engine","message":"Analizando TGS...","module":"recommendation_engine","function":"_analyze_single_ticker","line":"71"}
{"timestamp":"2025-06-13T14:23:22.831114","level":"[32mINFO[0m","logger":"services.recommendation_engine","message":"Analizando CEPU...","module":"recommendation_engine","function":"_analyze_single_ticker","line":"71"}
{"timestamp":"2025-06-13T14:23:23.247923","level":"[32mINFO[0m","logger":"services.technical_analysis","message":"Datos obtenidos para TEO usando TEO","module":"technical_analysis","function":"_get_stock_data","line":"51"}
{"timestamp":"2025-06-13T14:23:23.695649","level":"[32mINFO[0m","logger":"services.technical_analysis","message":"Datos obtenidos para TGS usando TGS","module":"technical_analysis","function":"_get_stock_data","line":"51"}
{"timestamp":"2025-06-13T14:23:24.088141","level":"[32mINFO[0m","logger":"services.technical_analysis","message":"Datos obtenidos para CEPU usando CEPU","module":"technical_analysis","function":"_get_stock_data","line":"51"}
{"timestamp":"2025-06-13T14:23:24.402345","level":"[31mERROR[0m","logger":"services.sentiment_analysis","message":"Error en GNews API: 403","module":"sentiment_analysis","function":"_get_news_gnews","line":"110"}
{"timestamp":"2025-06-13T14:23:24.402988","level":"[32mINFO[0m","logger":"services.sentiment_analysis","message":"No se encontraron noticias para TEO, usando score neutral","module":"sentiment_analysis","function":"analyze_ticker_sentiment","line":"237"}
{"timestamp":"2025-06-13T14:23:25.409475","level":"[31mERROR[0m","logger":"services.sentiment_analysis","message":"Error en GNews API: 403","module":"sentiment_analysis","function":"_get_news_gnews","line":"110"}
{"timestamp":"2025-06-13T14:23:25.410273","level":"[32mINFO[0m","logger":"services.sentiment_analysis","message":"No se encontraron noticias para CEPU, usando score neutral","module":"sentiment_analysis","function":"analyze_ticker_sentiment","line":"237"}
{"timestamp":"2025-06-13T14:23:25.411032","level":"[31mERROR[0m","logger":"services.sentiment_analysis","message":"Error en GNews API: 403","module":"sentiment_analysis","function":"_get_news_gnews","line":"110"}
{"timestamp":"2025-06-13T14:23:25.411344","level":"[32mINFO[0m","logger":"services.sentiment_analysis","message":"No se encontraron noticias para TGS, usando score neutral","module":"sentiment_analysis","function":"analyze_ticker_sentiment","line":"237"}
{"timestamp":"2025-06-13T14:23:25.412038","level":"[32mINFO[0m","logger":"services.recommendation_engine","message":"Analizando BMA...","module":"recommendation_engine","function":"_analyze_single_ticker","line":"71"}
{"timestamp":"2025-06-13T14:23:25.412253","level":"[32mINFO[0m","logger":"services.recommendation_engine","message":"Analizando SUPV...","module":"recommendation_engine","function":"_analyze_single_ticker","line":"71"}
{"timestamp":"2025-06-13T14:23:25.412394","level":"[32mINFO[0m","logger":"services.recommendation_engine","message":"Analizando CRESY...","module":"recommendation_engine","function":"_analyze_single_ticker","line":"71"}
{"timestamp":"2025-06-13T14:23:25.791408","level":"[32mINFO[0m","logger":"services.technical_analysis","message":"Datos obtenidos para BMA usando BMA","module":"technical_analysis","function":"_get_stock_data","line":"51"}
{"timestamp":"2025-06-13T14:23:26.562863","level":"[32mINFO[0m","logger":"services.technical_analysis","message":"Datos obtenidos para SUPV usando SUPV","module":"technical_analysis","function":"_get_stock_data","line":"51"}
{"timestamp":"2025-06-13T14:23:27.354973","level":"[32mINFO[0m","logger":"services.technical_analysis","message":"Datos obtenidos para CRESY usando CRESY","module":"technical_analysis","function":"_get_stock_data","line":"51"}
{"timestamp":"2025-06-13T14:23:27.515339","level":"[31mERROR[0m","logger":"services.sentiment_analysis","message":"Error en GNews API: 403","module":"sentiment_analysis","function":"_get_news_gnews","line":"110"}
{"timestamp":"2025-06-13T14:23:27.516032","level":"[32mINFO[0m","logger":"services.sentiment_analysis","message":"No se encontraron noticias para SUPV, usando score neutral","module":"sentiment_analysis","function":"analyze_ticker_sentiment","line":"237"}
{"timestamp":"2025-06-13T14:23:27.521940","level":"[31mERROR[0m","logger":"services.sentiment_analysis","message":"Error en GNews API: 403","module":"sentiment_analysis","function":"_get_news_gnews","line":"110"}
{"timestamp":"2025-06-13T14:23:27.522377","level":"[32mINFO[0m","logger":"services.sentiment_analysis","message":"No se encontraron noticias para BMA, usando score neutral","module":"sentiment_analysis","function":"analyze_ticker_sentiment","line":"237"}
{"timestamp":"2025-06-13T14:23:28.719483","level":"[31mERROR[0m","logger":"services.sentiment_analysis","message":"Error en GNews API: 403","module":"sentiment_analysis","function":"_get_news_gnews","line":"110"}
{"timestamp":"2025-06-13T14:23:28.720246","level":"[32mINFO[0m","logger":"services.sentiment_analysis","message":"No se encontraron noticias para CRESY, usando score neutral","module":"sentiment_analysis","function":"analyze_ticker_sentiment","line":"237"}
{"timestamp":"2025-06-13T14:23:28.721198","level":"[32mINFO[0m","logger":"services.recommendation_engine","message":"Analizando LOMA...","module":"recommendation_engine","function":"_analyze_single_ticker","line":"71"}
{"timestamp":"2025-06-13T14:23:28.721573","level":"[32mINFO[0m","logger":"services.recommendation_engine","message":"Analizando IRCP...","module":"recommendation_engine","function":"_analyze_single_ticker","line":"71"}
{"timestamp":"2025-06-13T14:23:28.721870","level":"[32mINFO[0m","logger":"services.recommendation_engine","message":"Analizando VIST...","module":"recommendation_engine","function":"_analyze_single_ticker","line":"71"}
{"timestamp":"2025-06-13T14:23:29.079010","level":"[32mINFO[0m","logger":"services.technical_analysis","message":"Datos obtenidos para LOMA usando LOMA","module":"technical_analysis","function":"_get_stock_data","line":"51"}
{"timestamp":"2025-06-13T14:23:32.581362","level":"[31mERROR[0m","logger":"yfinance","message":"$IRCP: possibly delisted; no price data found  (period=6mo) (Yahoo error = \"No data found, symbol may be delisted\")","module":"history","function":"history","line":"252"}
{"timestamp":"2025-06-13T14:23:33.352613","level":"[32mINFO[0m","logger":"services.technical_analysis","message":"Datos obtenidos para IRCP usando IRCP.BA","module":"technical_analysis","function":"_get_stock_data","line":"51"}
{"timestamp":"2025-06-13T14:23:33.723133","level":"[32mINFO[0m","logger":"services.technical_analysis","message":"Datos obtenidos para VIST usando VIST","module":"technical_analysis","function":"_get_stock_data","line":"51"}
{"timestamp":"2025-06-13T14:23:34.210105","level":"[31mERROR[0m","logger":"services.sentiment_analysis","message":"Error en GNews API: 403","module":"sentiment_analysis","function":"_get_news_gnews","line":"110"}
{"timestamp":"2025-06-13T14:23:34.210518","level":"[32mINFO[0m","logger":"services.sentiment_analysis","message":"No se encontraron noticias para IRCP, usando score neutral","module":"sentiment_analysis","function":"analyze_ticker_sentiment","line":"237"}
{"timestamp":"2025-06-13T14:23:34.210688","level":"[31mERROR[0m","logger":"services.sentiment_analysis","message":"Error en GNews API: 403","module":"sentiment_analysis","function":"_get_news_gnews","line":"110"}
{"timestamp":"2025-06-13T14:23:34.210795","level":"[32mINFO[0m","logger":"services.sentiment_analysis","message":"No se encontraron noticias para LOMA, usando score neutral","module":"sentiment_analysis","function":"analyze_ticker_sentiment","line":"237"}
{"timestamp":"2025-06-13T14:23:35.520906","level":"[31mERROR[0m","logger":"services.sentiment_analysis","message":"Error en GNews API: 403","module":"sentiment_analysis","function":"_get_news_gnews","line":"110"}
{"timestamp":"2025-06-13T14:23:35.521466","level":"[32mINFO[0m","logger":"services.sentiment_analysis","message":"No se encontraron noticias para VIST, usando score neutral","module":"sentiment_analysis","function":"analyze_ticker_sentiment","line":"237"}
{"timestamp":"2025-06-13T14:23:35.522004","level":"[32mINFO[0m","logger":"services.recommendation_engine","message":"Analizando MELI...","module":"recommendation_engine","function":"_analyze_single_ticker","line":"71"}
{"timestamp":"2025-06-13T14:23:35.522214","level":"[32mINFO[0m","logger":"services.recommendation_engine","message":"Analizando GLOB...","module":"recommendation_engine","function":"_analyze_single_ticker","line":"71"}
{"timestamp":"2025-06-13T14:23:35.522386","level":"[32mINFO[0m","logger":"services.recommendation_engine","message":"Analizando DESP...","module":"recommendation_engine","function":"_analyze_single_ticker","line":"71"}
{"timestamp":"2025-06-13T14:23:35.925866","level":"[32mINFO[0m","logger":"services.technical_analysis","message":"Datos obtenidos para MELI usando MELI","module":"technical_analysis","function":"_get_stock_data","line":"51"}
{"timestamp":"2025-06-13T14:23:36.290179","level":"[32mINFO[0m","logger":"services.technical_analysis","message":"Datos obtenidos para GLOB usando GLOB","module":"technical_analysis","function":"_get_stock_data","line":"51"}
{"timestamp":"2025-06-13T14:23:36.661136","level":"[32mINFO[0m","logger":"services.technical_analysis","message":"Datos obtenidos para DESP usando DESP","module":"technical_analysis","function":"_get_stock_data","line":"51"}
{"timestamp":"2025-06-13T14:23:36.820321","level":"[31mERROR[0m","logger":"services.sentiment_analysis","message":"Error en GNews API: 403","module":"sentiment_analysis","function":"_get_news_gnews","line":"110"}
{"timestamp":"2025-06-13T14:23:36.820972","level":"[32mINFO[0m","logger":"services.sentiment_analysis","message":"No se encontraron noticias para MELI, usando score neutral","module":"sentiment_analysis","function":"analyze_ticker_sentiment","line":"237"}
{"timestamp":"2025-06-13T14:23:38.086253","level":"[31mERROR[0m","logger":"services.sentiment_analysis","message":"Error en GNews API: 403","module":"sentiment_analysis","function":"_get_news_gnews","line":"110"}
{"timestamp":"2025-06-13T14:23:38.087069","level":"[32mINFO[0m","logger":"services.sentiment_analysis","message":"No se encontraron noticias para GLOB, usando score neutral","module":"sentiment_analysis","function":"analyze_ticker_sentiment","line":"237"}
{"timestamp":"2025-06-13T14:23:38.087753","level":"[31mERROR[0m","logger":"services.sentiment_analysis","message":"Error en GNews API: 403","module":"sentiment_analysis","function":"_get_news_gnews","line":"110"}
{"timestamp":"2025-06-13T14:23:38.088061","level":"[32mINFO[0m","logger":"services.sentiment_analysis","message":"No se encontraron noticias para DESP, usando score neutral","module":"sentiment_analysis","function":"analyze_ticker_sentiment","line":"237"}
{"timestamp":"2025-06-13T14:23:38.088972","level":"[32mINFO[0m","logger":"services.recommendation_engine","message":"Generadas 15 recomendaciones","module":"recommendation_engine","function":"generate_daily_recommendations","line":"64"}
{"timestamp":"2025-06-13T14:24:19.948296","level":"[32mINFO[0m","logger":"argenta_ia.setup","message":"🚀 Sistema de logging configurado correctamente","module":"logging_config","function":"setup_logging","line":"198"}
{"timestamp":"2025-06-13T14:24:19.948426","level":"[32mINFO[0m","logger":"argenta_ia.setup","message":"📂 Logs guardándose en: /Users/chrojas/Desktop/personal-project/ArgentaIA/backend/logs","module":"logging_config","function":"setup_logging","line":"199"}
{"timestamp":"2025-06-13T14:24:19.948477","level":"[32mINFO[0m","logger":"argenta_ia.setup","message":"📊 Nivel de log: INFO","module":"logging_config","function":"setup_logging","line":"200"}
{"timestamp":"2025-06-13T14:24:22.738833","level":"[32mINFO[0m","logger":"argenta_ia.setup","message":"🚀 Sistema de logging configurado correctamente","module":"logging_config","function":"setup_logging","line":"198"}
{"timestamp":"2025-06-13T14:24:22.738964","level":"[32mINFO[0m","logger":"argenta_ia.setup","message":"📂 Logs guardándose en: /Users/chrojas/Desktop/personal-project/ArgentaIA/backend/logs","module":"logging_config","function":"setup_logging","line":"199"}
{"timestamp":"2025-06-13T14:24:22.739017","level":"[32mINFO[0m","logger":"argenta_ia.setup","message":"📊 Nivel de log: INFO","module":"logging_config","function":"setup_logging","line":"200"}
{"timestamp":"2025-06-13T14:26:02.877449","level":"[32mINFO[0m","logger":"argenta_ia.main","message":"Analizando ticker: YPF","module":"main","function":"get_ticker_analysis","line":"78"}
{"timestamp":"2025-06-13T14:26:03.881294","level":"[33mWARNING[0m","logger":"services.macro_analysis","message":"No se pudo obtener usd del BCRA: 403","module":"macro_analysis","function":"_fetch_bcra_data","line":"67"}
{"timestamp":"2025-06-13T14:26:04.116064","level":"[33mWARNING[0m","logger":"services.macro_analysis","message":"No se pudo obtener cer del BCRA: 403","module":"macro_analysis","function":"_fetch_bcra_data","line":"67"}
{"timestamp":"2025-06-13T14:26:04.362519","level":"[33mWARNING[0m","logger":"services.macro_analysis","message":"No se pudo obtener inflation del BCRA: 403","module":"macro_analysis","function":"_fetch_bcra_data","line":"67"}
{"timestamp":"2025-06-13T14:26:04.701610","level":"[33mWARNING[0m","logger":"services.macro_analysis","message":"No se pudo obtener country_risk del BCRA: 404","module":"macro_analysis","function":"_fetch_bcra_data","line":"67"}
{"timestamp":"2025-06-13T14:26:04.702319","level":"[32mINFO[0m","logger":"services.macro_analysis","message":"Usando datos macro mock para testing","module":"macro_analysis","function":"get_macro_indicators","line":"95"}
{"timestamp":"2025-06-13T14:26:08.335347","level":"[32mINFO[0m","logger":"services.technical_analysis","message":"Datos obtenidos para YPF usando YPF","module":"technical_analysis","function":"_get_stock_data","line":"51"}
{"timestamp":"2025-06-13T14:26:08.967751","level":"[32mINFO[0m","logger":"services.sentiment_analysis","message":"Obtenidas 10 noticias para YPF","module":"sentiment_analysis","function":"_get_news_gnews","line":"103"}
{"timestamp":"2025-06-13T14:26:11.318814","level":"[32mINFO[0m","logger":"services.sentiment_analysis","message":"Cargando modelo de sentimiento: finiteautomata/beto-sentiment-analysis","module":"sentiment_analysis","function":"_load_sentiment_model","line":"36"}
{"timestamp":"2025-06-13T14:26:12.485847","level":"[32mINFO[0m","logger":"services.sentiment_analysis","message":"Modelo de sentimiento cargado exitosamente","module":"sentiment_analysis","function":"_load_sentiment_model","line":"42"}
{"timestamp":"2025-06-13T14:27:33.458383","level":"[32mINFO[0m","logger":"argenta_ia.setup","message":"🚀 Sistema de logging configurado correctamente","module":"logging_config","function":"setup_logging","line":"198"}
{"timestamp":"2025-06-13T14:27:33.458515","level":"[32mINFO[0m","logger":"argenta_ia.setup","message":"📂 Logs guardándose en: /Users/chrojas/Desktop/personal-project/ArgentaIA/backend/logs","module":"logging_config","function":"setup_logging","line":"199"}
{"timestamp":"2025-06-13T14:27:33.458559","level":"[32mINFO[0m","logger":"argenta_ia.setup","message":"📊 Nivel de log: INFO","module":"logging_config","function":"setup_logging","line":"200"}
{"timestamp":"2025-06-13T14:30:06.505083","level":"[32mINFO[0m","logger":"services.technical_analysis","message":"Datos obtenidos para AAPL usando AAPL","module":"technical_analysis","function":"_get_stock_data","line":"51"}
{"timestamp":"2025-06-13T14:30:09.747059","level":"[32mINFO[0m","logger":"services.sentiment_analysis","message":"Cargando modelo de sentimiento: finiteautomata/beto-sentiment-analysis","module":"sentiment_analysis","function":"_load_sentiment_model","line":"36"}
{"timestamp":"2025-06-13T14:30:10.828114","level":"[32mINFO[0m","logger":"services.sentiment_analysis","message":"Modelo de sentimiento cargado exitosamente","module":"sentiment_analysis","function":"_load_sentiment_model","line":"42"}
{"timestamp":"2025-06-13T14:30:11.661102","level":"[33mWARNING[0m","logger":"services.macro_analysis","message":"No se pudo obtener usd del BCRA: 403","module":"macro_analysis","function":"_fetch_bcra_data","line":"67"}
{"timestamp":"2025-06-13T14:30:11.910579","level":"[33mWARNING[0m","logger":"services.macro_analysis","message":"No se pudo obtener cer del BCRA: 403","module":"macro_analysis","function":"_fetch_bcra_data","line":"67"}
{"timestamp":"2025-06-13T14:30:12.164350","level":"[33mWARNING[0m","logger":"services.macro_analysis","message":"No se pudo obtener inflation del BCRA: 403","module":"macro_analysis","function":"_fetch_bcra_data","line":"67"}
{"timestamp":"2025-06-13T14:30:12.405574","level":"[33mWARNING[0m","logger":"services.macro_analysis","message":"No se pudo obtener country_risk del BCRA: 404","module":"macro_analysis","function":"_fetch_bcra_data","line":"67"}
{"timestamp":"2025-06-13T14:30:12.405918","level":"[32mINFO[0m","logger":"services.macro_analysis","message":"Usando datos macro mock para testing","module":"macro_analysis","function":"get_macro_indicators","line":"95"}
{"timestamp":"2025-06-13T14:35:21.480692","level":"[32mINFO[0m","logger":"argenta_ia.main","message":"Analizando ticker: GGAL","module":"main","function":"get_ticker_analysis","line":"78"}
{"timestamp":"2025-06-13T14:35:22.270496","level":"[33mWARNING[0m","logger":"services.macro_analysis","message":"No se pudo obtener usd del BCRA: 403","module":"macro_analysis","function":"_fetch_bcra_data","line":"67"}
{"timestamp":"2025-06-13T14:35:22.526455","level":"[33mWARNING[0m","logger":"services.macro_analysis","message":"No se pudo obtener cer del BCRA: 403","module":"macro_analysis","function":"_fetch_bcra_data","line":"67"}
{"timestamp":"2025-06-13T14:35:22.778209","level":"[33mWARNING[0m","logger":"services.macro_analysis","message":"No se pudo obtener inflation del BCRA: 403","module":"macro_analysis","function":"_fetch_bcra_data","line":"67"}
{"timestamp":"2025-06-13T14:35:23.033730","level":"[33mWARNING[0m","logger":"services.macro_analysis","message":"No se pudo obtener country_risk del BCRA: 404","module":"macro_analysis","function":"_fetch_bcra_data","line":"67"}
{"timestamp":"2025-06-13T14:35:23.034249","level":"[32mINFO[0m","logger":"services.macro_analysis","message":"Usando datos macro mock para testing","module":"macro_analysis","function":"get_macro_indicators","line":"95"}
{"timestamp":"2025-06-13T14:35:24.225810","level":"[32mINFO[0m","logger":"services.technical_analysis","message":"Datos obtenidos para GGAL usando GGAL","module":"technical_analysis","function":"_get_stock_data","line":"51"}
{"timestamp":"2025-06-13T14:35:24.844412","level":"[32mINFO[0m","logger":"services.sentiment_analysis","message":"Obtenidas 10 noticias para GGAL","module":"sentiment_analysis","function":"_get_news_gnews","line":"103"}
{"timestamp":"2025-06-13T14:35:31.583062","level":"[32mINFO[0m","logger":"argenta_ia.main","message":"Generando recomendaciones diarias...","module":"main","function":"get_daily_recommendations","line":"64"}
{"timestamp":"2025-06-13T14:35:31.833245","level":"[33mWARNING[0m","logger":"services.macro_analysis","message":"No se pudo obtener usd del BCRA: 403","module":"macro_analysis","function":"_fetch_bcra_data","line":"67"}
{"timestamp":"2025-06-13T14:35:32.089322","level":"[33mWARNING[0m","logger":"services.macro_analysis","message":"No se pudo obtener cer del BCRA: 403","module":"macro_analysis","function":"_fetch_bcra_data","line":"67"}
{"timestamp":"2025-06-13T14:35:32.345769","level":"[33mWARNING[0m","logger":"services.macro_analysis","message":"No se pudo obtener inflation del BCRA: 403","module":"macro_analysis","function":"_fetch_bcra_data","line":"67"}
{"timestamp":"2025-06-13T14:35:32.603083","level":"[33mWARNING[0m","logger":"services.macro_analysis","message":"No se pudo obtener country_risk del BCRA: 404","module":"macro_analysis","function":"_fetch_bcra_data","line":"67"}
{"timestamp":"2025-06-13T14:35:32.603243","level":"[32mINFO[0m","logger":"services.macro_analysis","message":"Usando datos macro mock para testing","module":"macro_analysis","function":"get_macro_indicators","line":"95"}
{"timestamp":"2025-06-13T14:35:32.603357","level":"[32mINFO[0m","logger":"services.recommendation_engine","message":"Generando recomendaciones para 15 tickers","module":"recommendation_engine","function":"generate_daily_recommendations","line":"40"}
{"timestamp":"2025-06-13T14:35:32.603460","level":"[32mINFO[0m","logger":"services.recommendation_engine","message":"Analizando YPF...","module":"recommendation_engine","function":"_analyze_single_ticker","line":"71"}
{"timestamp":"2025-06-13T14:35:32.603524","level":"[32mINFO[0m","logger":"services.recommendation_engine","message":"Analizando GGAL...","module":"recommendation_engine","function":"_analyze_single_ticker","line":"71"}
{"timestamp":"2025-06-13T14:35:32.603579","level":"[32mINFO[0m","logger":"services.recommendation_engine","message":"Analizando PAM...","module":"recommendation_engine","function":"_analyze_single_ticker","line":"71"}
{"timestamp":"2025-06-13T14:35:33.082223","level":"[32mINFO[0m","logger":"services.technical_analysis","message":"Datos obtenidos para YPF usando YPF","module":"technical_analysis","function":"_get_stock_data","line":"51"}
{"timestamp":"2025-06-13T14:35:33.454235","level":"[32mINFO[0m","logger":"services.technical_analysis","message":"Datos obtenidos para PAM usando PAM","module":"technical_analysis","function":"_get_stock_data","line":"51"}
{"timestamp":"2025-06-13T14:35:33.989430","level":"[32mINFO[0m","logger":"services.sentiment_analysis","message":"Obtenidas 10 noticias para YPF","module":"sentiment_analysis","function":"_get_news_gnews","line":"103"}
{"timestamp":"2025-06-13T14:35:35.299986","level":"[32mINFO[0m","logger":"services.sentiment_analysis","message":"Obtenidas 10 noticias para GGAL","module":"sentiment_analysis","function":"_get_news_gnews","line":"103"}
{"timestamp":"2025-06-13T14:35:35.813506","level":"[32mINFO[0m","logger":"services.sentiment_analysis","message":"Obtenidas 10 noticias para PAM","module":"sentiment_analysis","function":"_get_news_gnews","line":"103"}
{"timestamp":"2025-06-13T14:35:36.101206","level":"[32mINFO[0m","logger":"services.recommendation_engine","message":"Analizando TEO...","module":"recommendation_engine","function":"_analyze_single_ticker","line":"71"}
{"timestamp":"2025-06-13T14:35:36.101374","level":"[32mINFO[0m","logger":"services.recommendation_engine","message":"Analizando TGS...","module":"recommendation_engine","function":"_analyze_single_ticker","line":"71"}
{"timestamp":"2025-06-13T14:35:36.101437","level":"[32mINFO[0m","logger":"services.recommendation_engine","message":"Analizando CEPU...","module":"recommendation_engine","function":"_analyze_single_ticker","line":"71"}
{"timestamp":"2025-06-13T14:35:36.524035","level":"[32mINFO[0m","logger":"services.technical_analysis","message":"Datos obtenidos para TEO usando TEO","module":"technical_analysis","function":"_get_stock_data","line":"51"}
{"timestamp":"2025-06-13T14:35:36.918618","level":"[32mINFO[0m","logger":"services.technical_analysis","message":"Datos obtenidos para TGS usando TGS","module":"technical_analysis","function":"_get_stock_data","line":"51"}
{"timestamp":"2025-06-13T14:35:37.345394","level":"[32mINFO[0m","logger":"services.technical_analysis","message":"Datos obtenidos para CEPU usando CEPU","module":"technical_analysis","function":"_get_stock_data","line":"51"}
{"timestamp":"2025-06-13T14:35:37.567827","level":"[32mINFO[0m","logger":"services.sentiment_analysis","message":"Obtenidas 10 noticias para TEO","module":"sentiment_analysis","function":"_get_news_gnews","line":"103"}
{"timestamp":"2025-06-13T14:35:38.711710","level":"[32mINFO[0m","logger":"services.sentiment_analysis","message":"Obtenidas 2 noticias para CEPU","module":"sentiment_analysis","function":"_get_news_gnews","line":"103"}
{"timestamp":"2025-06-13T14:35:38.788544","level":"[32mINFO[0m","logger":"services.sentiment_analysis","message":"Obtenidas 10 noticias para TGS","module":"sentiment_analysis","function":"_get_news_gnews","line":"103"}
{"timestamp":"2025-06-13T14:35:39.045226","level":"[32mINFO[0m","logger":"services.recommendation_engine","message":"Analizando BMA...","module":"recommendation_engine","function":"_analyze_single_ticker","line":"71"}
{"timestamp":"2025-06-13T14:35:39.045386","level":"[32mINFO[0m","logger":"services.recommendation_engine","message":"Analizando SUPV...","module":"recommendation_engine","function":"_analyze_single_ticker","line":"71"}
{"timestamp":"2025-06-13T14:35:39.045448","level":"[32mINFO[0m","logger":"services.recommendation_engine","message":"Analizando CRESY...","module":"recommendation_engine","function":"_analyze_single_ticker","line":"71"}
{"timestamp":"2025-06-13T14:35:39.825485","level":"[32mINFO[0m","logger":"services.technical_analysis","message":"Datos obtenidos para BMA usando BMA","module":"technical_analysis","function":"_get_stock_data","line":"51"}
{"timestamp":"2025-06-13T14:35:40.213933","level":"[32mINFO[0m","logger":"services.technical_analysis","message":"Datos obtenidos para SUPV usando SUPV","module":"technical_analysis","function":"_get_stock_data","line":"51"}
{"timestamp":"2025-06-13T14:35:40.630578","level":"[32mINFO[0m","logger":"services.technical_analysis","message":"Datos obtenidos para CRESY usando CRESY","module":"technical_analysis","function":"_get_stock_data","line":"51"}
{"timestamp":"2025-06-13T14:35:40.841548","level":"[32mINFO[0m","logger":"services.sentiment_analysis","message":"Obtenidas 0 noticias para BMA","module":"sentiment_analysis","function":"_get_news_gnews","line":"103"}
{"timestamp":"2025-06-13T14:35:40.841853","level":"[32mINFO[0m","logger":"services.sentiment_analysis","message":"No se encontraron noticias para BMA, usando score neutral","module":"sentiment_analysis","function":"analyze_ticker_sentiment","line":"237"}
{"timestamp":"2025-06-13T14:35:42.053044","level":"[32mINFO[0m","logger":"services.sentiment_analysis","message":"Obtenidas 0 noticias para CRESY","module":"sentiment_analysis","function":"_get_news_gnews","line":"103"}
{"timestamp":"2025-06-13T14:35:42.053582","level":"[32mINFO[0m","logger":"services.sentiment_analysis","message":"No se encontraron noticias para CRESY, usando score neutral","module":"sentiment_analysis","function":"analyze_ticker_sentiment","line":"237"}
{"timestamp":"2025-06-13T14:35:42.053870","level":"[32mINFO[0m","logger":"services.sentiment_analysis","message":"Obtenidas 0 noticias para SUPV","module":"sentiment_analysis","function":"_get_news_gnews","line":"103"}
{"timestamp":"2025-06-13T14:35:42.053992","level":"[32mINFO[0m","logger":"services.sentiment_analysis","message":"No se encontraron noticias para SUPV, usando score neutral","module":"sentiment_analysis","function":"analyze_ticker_sentiment","line":"237"}
{"timestamp":"2025-06-13T14:35:42.054590","level":"[32mINFO[0m","logger":"services.recommendation_engine","message":"Analizando LOMA...","module":"recommendation_engine","function":"_analyze_single_ticker","line":"71"}
{"timestamp":"2025-06-13T14:35:42.054726","level":"[32mINFO[0m","logger":"services.recommendation_engine","message":"Analizando IRCP...","module":"recommendation_engine","function":"_analyze_single_ticker","line":"71"}
{"timestamp":"2025-06-13T14:35:42.054839","level":"[32mINFO[0m","logger":"services.recommendation_engine","message":"Analizando VIST...","module":"recommendation_engine","function":"_analyze_single_ticker","line":"71"}
{"timestamp":"2025-06-13T14:35:42.427861","level":"[32mINFO[0m","logger":"services.technical_analysis","message":"Datos obtenidos para LOMA usando LOMA","module":"technical_analysis","function":"_get_stock_data","line":"51"}
{"timestamp":"2025-06-13T14:35:46.828998","level":"[31mERROR[0m","logger":"yfinance","message":"$IRCP: possibly delisted; no price data found  (period=6mo) (Yahoo error = \"No data found, symbol may be delisted\")","module":"history","function":"history","line":"252"}
{"timestamp":"2025-06-13T14:35:47.216377","level":"[32mINFO[0m","logger":"services.technical_analysis","message":"Datos obtenidos para IRCP usando IRCP.BA","module":"technical_analysis","function":"_get_stock_data","line":"51"}
{"timestamp":"2025-06-13T14:35:47.597463","level":"[32mINFO[0m","logger":"services.technical_analysis","message":"Datos obtenidos para VIST usando VIST","module":"technical_analysis","function":"_get_stock_data","line":"51"}
{"timestamp":"2025-06-13T14:35:48.097762","level":"[32mINFO[0m","logger":"services.sentiment_analysis","message":"Obtenidas 0 noticias para IRCP","module":"sentiment_analysis","function":"_get_news_gnews","line":"103"}
{"timestamp":"2025-06-13T14:35:48.098486","level":"[32mINFO[0m","logger":"services.sentiment_analysis","message":"No se encontraron noticias para IRCP, usando score neutral","module":"sentiment_analysis","function":"analyze_ticker_sentiment","line":"237"}
{"timestamp":"2025-06-13T14:35:48.311335","level":"[32mINFO[0m","logger":"services.sentiment_analysis","message":"Obtenidas 10 noticias para LOMA","module":"sentiment_analysis","function":"_get_news_gnews","line":"103"}
{"timestamp":"2025-06-13T14:35:49.447875","level":"[32mINFO[0m","logger":"services.sentiment_analysis","message":"Obtenidas 4 noticias para VIST","module":"sentiment_analysis","function":"_get_news_gnews","line":"103"}
{"timestamp":"2025-06-13T14:35:49.582503","level":"[32mINFO[0m","logger":"services.recommendation_engine","message":"Analizando MELI...","module":"recommendation_engine","function":"_analyze_single_ticker","line":"71"}
{"timestamp":"2025-06-13T14:35:49.582659","level":"[32mINFO[0m","logger":"services.recommendation_engine","message":"Analizando GLOB...","module":"recommendation_engine","function":"_analyze_single_ticker","line":"71"}
{"timestamp":"2025-06-13T14:35:49.582728","level":"[32mINFO[0m","logger":"services.recommendation_engine","message":"Analizando DESP...","module":"recommendation_engine","function":"_analyze_single_ticker","line":"71"}
{"timestamp":"2025-06-13T14:35:49.970700","level":"[32mINFO[0m","logger":"services.technical_analysis","message":"Datos obtenidos para MELI usando MELI","module":"technical_analysis","function":"_get_stock_data","line":"51"}
{"timestamp":"2025-06-13T14:35:50.348929","level":"[32mINFO[0m","logger":"services.technical_analysis","message":"Datos obtenidos para GLOB usando GLOB","module":"technical_analysis","function":"_get_stock_data","line":"51"}
{"timestamp":"2025-06-13T14:35:51.125275","level":"[32mINFO[0m","logger":"services.technical_analysis","message":"Datos obtenidos para DESP usando DESP","module":"technical_analysis","function":"_get_stock_data","line":"51"}
{"timestamp":"2025-06-13T14:35:51.510797","level":"[32mINFO[0m","logger":"services.sentiment_analysis","message":"Obtenidas 10 noticias para MELI","module":"sentiment_analysis","function":"_get_news_gnews","line":"103"}
{"timestamp":"2025-06-13T14:35:52.175433","level":"[32mINFO[0m","logger":"services.sentiment_analysis","message":"Obtenidas 1 noticias para GLOB","module":"sentiment_analysis","function":"_get_news_gnews","line":"103"}
{"timestamp":"2025-06-13T14:35:52.244102","level":"[32mINFO[0m","logger":"services.sentiment_analysis","message":"Obtenidas 10 noticias para DESP","module":"sentiment_analysis","function":"_get_news_gnews","line":"103"}
{"timestamp":"2025-06-13T14:35:52.522824","level":"[32mINFO[0m","logger":"services.recommendation_engine","message":"Generadas 15 recomendaciones","module":"recommendation_engine","function":"generate_daily_recommendations","line":"64"}
{"timestamp":"2025-06-13T14:39:18.949755","level":"[32mINFO[0m","logger":"argenta_ia.main","message":"Analizando ticker: MELI","module":"main","function":"get_ticker_analysis","line":"78"}
{"timestamp":"2025-06-13T14:39:19.684899","level":"[33mWARNING[0m","logger":"services.macro_analysis","message":"No se pudo obtener usd del BCRA: 403","module":"macro_analysis","function":"_fetch_bcra_data","line":"67"}
{"timestamp":"2025-06-13T14:39:19.930387","level":"[33mWARNING[0m","logger":"services.macro_analysis","message":"No se pudo obtener cer del BCRA: 403","module":"macro_analysis","function":"_fetch_bcra_data","line":"67"}
{"timestamp":"2025-06-13T14:39:20.175595","level":"[33mWARNING[0m","logger":"services.macro_analysis","message":"No se pudo obtener inflation del BCRA: 403","module":"macro_analysis","function":"_fetch_bcra_data","line":"67"}
{"timestamp":"2025-06-13T14:39:20.418113","level":"[33mWARNING[0m","logger":"services.macro_analysis","message":"No se pudo obtener country_risk del BCRA: 404","module":"macro_analysis","function":"_fetch_bcra_data","line":"67"}
{"timestamp":"2025-06-13T14:39:20.418373","level":"[32mINFO[0m","logger":"services.macro_analysis","message":"Usando datos macro mock para testing","module":"macro_analysis","function":"get_macro_indicators","line":"95"}
{"timestamp":"2025-06-13T14:39:21.062322","level":"[32mINFO[0m","logger":"services.sentiment_analysis","message":"Obtenidas 10 noticias para MELI","module":"sentiment_analysis","function":"_get_news_gnews","line":"103"}
{"timestamp":"2025-06-13T14:39:49.587970","level":"[32mINFO[0m","logger":"argenta_ia.main","message":"Analizando ticker: YPF","module":"main","function":"get_ticker_analysis","line":"78"}
{"timestamp":"2025-06-13T14:39:50.361337","level":"[33mWARNING[0m","logger":"services.macro_analysis","message":"No se pudo obtener usd del BCRA: 403","module":"macro_analysis","function":"_fetch_bcra_data","line":"67"}
{"timestamp":"2025-06-13T14:39:50.616794","level":"[33mWARNING[0m","logger":"services.macro_analysis","message":"No se pudo obtener cer del BCRA: 403","module":"macro_analysis","function":"_fetch_bcra_data","line":"67"}
{"timestamp":"2025-06-13T14:39:51.002096","level":"[33mWARNING[0m","logger":"services.macro_analysis","message":"No se pudo obtener inflation del BCRA: 403","module":"macro_analysis","function":"_fetch_bcra_data","line":"67"}
{"timestamp":"2025-06-13T14:39:51.252229","level":"[33mWARNING[0m","logger":"services.macro_analysis","message":"No se pudo obtener country_risk del BCRA: 404","module":"macro_analysis","function":"_fetch_bcra_data","line":"67"}
{"timestamp":"2025-06-13T14:39:51.252676","level":"[32mINFO[0m","logger":"services.macro_analysis","message":"Usando datos macro mock para testing","module":"macro_analysis","function":"get_macro_indicators","line":"95"}
{"timestamp":"2025-06-13T14:39:51.799717","level":"[32mINFO[0m","logger":"services.sentiment_analysis","message":"Obtenidas 10 noticias para YPF","module":"sentiment_analysis","function":"_get_news_gnews","line":"103"}
